[27-Dec-2022 14:14:42 Asia/Calcutta] 2022-12-27T14:14:42+05:30 [info] User Deprecated: Method "Symfony\Component\HttpKernel\KernelInterface::locateResource()" might add "string" as a native return type declaration in the future. Do the same in implementation "Pimcore\Kernel" now to avoid errors or add an explicit @return annotation to suppress this message.
[27-Dec-2022 14:14:42 Asia/Calcutta] 2022-12-27T14:14:42+05:30 [critical] Uncaught Exception: Unable to create the "cache" directory (/var/www/html/test/pimProject/var/cache/dev).
[03-Jan-2023 12:36:56 Asia/Calcutta] 2023-01-03T12:36:56+05:30 [critical] Uncaught Exception: The file "/var/www/html/pim/main_project/config/packages/dev/../../local/database.yaml" does not contain valid YAML: Malformed inline YAML string at line 2 (near "dbal: { connections: { default: { host: localhost, port: 3306, user: pimcore, password: ROOT, dbname: main_project_database") in /var/www/html/pim/main_project/config/packages/dev/../../local/database.yaml (which is being imported from "/var/www/html/pim/main_project/config/packages/dev/../../local").
[10-Jan-2023 19:32:04 UTC] PHP Fatal error:  Cannot use Pimcore\Model\DataObject\Electronics\Listing as Listing because the name is already in use in /var/www/html/pimcore/main_project/src/Controller/DefaultController.php on line 10
[11-Jan-2023 06:39:41 UTC] PHP Fatal error:  Cannot redeclare App\Controller\DefaultController::BeautyAction() in /var/www/html/pimcore/main_project/src/Controller/DefaultController.php on line 80
[11-Jan-2023 06:40:11 UTC] PHP Fatal error:  Cannot redeclare App\Controller\DefaultController::BeautyAction() in /var/www/html/pimcore/main_project/src/Controller/DefaultController.php on line 81
[11-Jan-2023 06:40:41 UTC] PHP Fatal error:  Cannot redeclare App\Controller\DefaultController::BeautyAction() in /var/www/html/pimcore/main_project/src/Controller/DefaultController.php on line 81
[11-Jan-2023 06:40:41 UTC] PHP Fatal error:  Cannot redeclare App\Controller\DefaultController::BeautyAction() in /var/www/html/pimcore/main_project/src/Controller/DefaultController.php on line 81
[11-Jan-2023 06:40:41 UTC] PHP Fatal error:  Cannot redeclare App\Controller\DefaultController::BeautyAction() in /var/www/html/pimcore/main_project/src/Controller/DefaultController.php on line 81
[11-Jan-2023 06:40:41 UTC] PHP Fatal error:  Cannot redeclare App\Controller\DefaultController::BeautyAction() in /var/www/html/pimcore/main_project/src/Controller/DefaultController.php on line 81
[11-Jan-2023 06:42:49 UTC] PHP Fatal error:  Cannot redeclare App\Controller\DefaultController::BeautyAction() in /var/www/html/pimcore/main_project/src/Controller/DefaultController.php on line 81
[11-Jan-2023 06:42:49 UTC] PHP Fatal error:  Cannot redeclare App\Controller\DefaultController::BeautyAction() in /var/www/html/pimcore/main_project/src/Controller/DefaultController.php on line 81
[11-Jan-2023 06:42:51 UTC] PHP Fatal error:  Cannot redeclare App\Controller\DefaultController::BeautyAction() in /var/www/html/pimcore/main_project/src/Controller/DefaultController.php on line 81
[11-Jan-2023 06:42:51 UTC] PHP Fatal error:  Cannot redeclare App\Controller\DefaultController::BeautyAction() in /var/www/html/pimcore/main_project/src/Controller/DefaultController.php on line 81
[11-Jan-2023 06:42:54 UTC] PHP Fatal error:  Cannot redeclare App\Controller\DefaultController::BeautyAction() in /var/www/html/pimcore/main_project/src/Controller/DefaultController.php on line 81
[11-Jan-2023 06:42:54 UTC] PHP Fatal error:  Cannot redeclare App\Controller\DefaultController::BeautyAction() in /var/www/html/pimcore/main_project/src/Controller/DefaultController.php on line 81
[15-Jan-2023 16:50:08 UTC] PHP Fatal error:  Allowed memory size of 134217728 bytes exhausted (tried to allocate 12288 bytes) in /var/www/html/pimcore/main_project/vendor/symfony/cache/Marshaller/DefaultMarshaller.php on line 80
[15-Jan-2023 16:50:08 UTC] PHP Fatal error:  Allowed memory size of 134217728 bytes exhausted (tried to allocate 65536 bytes) in /var/www/html/pimcore/main_project/vendor/symfony/error-handler/DebugClassLoader.php on line 285
[15-Jan-2023 16:50:22 UTC] PHP Fatal error:  Allowed memory size of 134217728 bytes exhausted (tried to allocate 20480 bytes) in /var/www/html/pimcore/main_project/vendor/twig/twig/src/Environment.php on line 261
[15-Jan-2023 16:50:22 UTC] PHP Fatal error:  Allowed memory size of 134217728 bytes exhausted (tried to allocate 65536 bytes) in /var/www/html/pimcore/main_project/vendor/symfony/error-handler/DebugClassLoader.php on line 285
[15-Jan-2023 16:51:11 UTC] PHP Fatal error:  Allowed memory size of 134217728 bytes exhausted (tried to allocate 12288 bytes) in /var/www/html/pimcore/main_project/vendor/symfony/cache/Marshaller/DefaultMarshaller.php on line 80
[15-Jan-2023 16:51:11 UTC] PHP Fatal error:  Allowed memory size of 134217728 bytes exhausted (tried to allocate 65536 bytes) in /var/www/html/pimcore/main_project/vendor/symfony/error-handler/DebugClassLoader.php on line 285
[15-Jan-2023 16:51:26 UTC] PHP Fatal error:  Allowed memory size of 134217728 bytes exhausted (tried to allocate 4096 bytes) in /var/www/html/pimcore/main_project/vendor/symfony/stopwatch/Section.php on line 116
[15-Jan-2023 16:51:26 UTC] PHP Fatal error:  Allowed memory size of 134217728 bytes exhausted (tried to allocate 65536 bytes) in /var/www/html/pimcore/main_project/vendor/symfony/error-handler/DebugClassLoader.php on line 285
[15-Jan-2023 16:51:38 UTC] PHP Fatal error:  Allowed memory size of 134217728 bytes exhausted (tried to allocate 12288 bytes) in /var/www/html/pimcore/main_project/vendor/symfony/cache/Marshaller/DefaultMarshaller.php on line 80
[15-Jan-2023 16:51:38 UTC] PHP Fatal error:  Allowed memory size of 134217728 bytes exhausted (tried to allocate 65536 bytes) in /var/www/html/pimcore/main_project/vendor/symfony/error-handler/DebugClassLoader.php on line 285
[15-Jan-2023 16:54:04 UTC] PHP Fatal error:  Allowed memory size of 134217728 bytes exhausted (tried to allocate 12288 bytes) in /var/www/html/pimcore/main_project/vendor/symfony/cache/Marshaller/DefaultMarshaller.php on line 80
[15-Jan-2023 16:54:04 UTC] PHP Fatal error:  Allowed memory size of 134217728 bytes exhausted (tried to allocate 65536 bytes) in /var/www/html/pimcore/main_project/vendor/symfony/error-handler/DebugClassLoader.php on line 285
[15-Jan-2023 16:54:10 UTC] PHP Fatal error:  Allowed memory size of 134217728 bytes exhausted (tried to allocate 12288 bytes) in /var/www/html/pimcore/main_project/vendor/symfony/cache/Marshaller/DefaultMarshaller.php on line 80
[15-Jan-2023 16:54:10 UTC] PHP Fatal error:  Allowed memory size of 134217728 bytes exhausted (tried to allocate 65536 bytes) in /var/www/html/pimcore/main_project/vendor/symfony/error-handler/DebugClassLoader.php on line 285
[15-Jan-2023 16:55:00 UTC] PHP Fatal error:  Allowed memory size of 134217728 bytes exhausted (tried to allocate 12288 bytes) in /var/www/html/pimcore/main_project/vendor/symfony/cache/Marshaller/DefaultMarshaller.php on line 80
[15-Jan-2023 16:55:00 UTC] PHP Fatal error:  Allowed memory size of 134217728 bytes exhausted (tried to allocate 65536 bytes) in /var/www/html/pimcore/main_project/vendor/symfony/error-handler/DebugClassLoader.php on line 285
[15-Jan-2023 16:55:11 UTC] PHP Fatal error:  Allowed memory size of 134217728 bytes exhausted (tried to allocate 12288 bytes) in /var/www/html/pimcore/main_project/vendor/symfony/cache/Marshaller/DefaultMarshaller.php on line 80
[15-Jan-2023 16:55:11 UTC] PHP Fatal error:  Allowed memory size of 134217728 bytes exhausted (tried to allocate 65536 bytes) in /var/www/html/pimcore/main_project/vendor/symfony/error-handler/DebugClassLoader.php on line 285
[15-Jan-2023 16:57:00 UTC] PHP Fatal error:  Allowed memory size of 134217728 bytes exhausted (tried to allocate 20480 bytes) in /var/www/html/pimcore/main_project/vendor/monolog/monolog/src/Monolog/Logger.php on line 350
[15-Jan-2023 16:57:00 UTC] PHP Fatal error:  Allowed memory size of 134217728 bytes exhausted (tried to allocate 65536 bytes) in /var/www/html/pimcore/main_project/vendor/symfony/error-handler/DebugClassLoader.php on line 285
[15-Jan-2023 17:04:56 UTC] PHP Fatal error:  Allowed memory size of 134217728 bytes exhausted (tried to allocate 12288 bytes) in /var/www/html/pimcore/main_project/vendor/symfony/cache/Marshaller/DefaultMarshaller.php on line 80
[15-Jan-2023 17:04:56 UTC] PHP Fatal error:  Allowed memory size of 134217728 bytes exhausted (tried to allocate 65536 bytes) in /var/www/html/pimcore/main_project/vendor/symfony/error-handler/DebugClassLoader.php on line 285
[15-Jan-2023 17:05:49 UTC] PHP Fatal error:  Allowed memory size of 134217728 bytes exhausted (tried to allocate 12288 bytes) in /var/www/html/pimcore/main_project/vendor/symfony/cache/Marshaller/DefaultMarshaller.php on line 80
[15-Jan-2023 17:05:49 UTC] PHP Fatal error:  Allowed memory size of 134217728 bytes exhausted (tried to allocate 65536 bytes) in /var/www/html/pimcore/main_project/vendor/symfony/error-handler/DebugClassLoader.php on line 285
[15-Jan-2023 17:05:57 UTC] PHP Fatal error:  Allowed memory size of 134217728 bytes exhausted (tried to allocate 12288 bytes) in /var/www/html/pimcore/main_project/vendor/symfony/cache/Marshaller/DefaultMarshaller.php on line 80
[15-Jan-2023 17:05:57 UTC] PHP Fatal error:  Allowed memory size of 134217728 bytes exhausted (tried to allocate 65536 bytes) in /var/www/html/pimcore/main_project/vendor/symfony/error-handler/DebugClassLoader.php on line 285
[15-Jan-2023 17:18:38 UTC] PHP Fatal error:  Allowed memory size of 134217728 bytes exhausted (tried to allocate 20480 bytes) in /var/www/html/pimcore/main_project/vendor/symfony/http-kernel/Controller/ArgumentResolver/RequestValueResolver.php on line 36
[15-Jan-2023 17:18:38 UTC] PHP Fatal error:  Allowed memory size of 134217728 bytes exhausted (tried to allocate 65536 bytes) in /var/www/html/pimcore/main_project/vendor/symfony/error-handler/DebugClassLoader.php on line 285
[15-Jan-2023 18:08:00 UTC] PHP Fatal error:  Allowed memory size of 134217728 bytes exhausted (tried to allocate 12288 bytes) in /var/www/html/pimcore/main_project/vendor/symfony/cache/Marshaller/DefaultMarshaller.php on line 80
[15-Jan-2023 18:08:00 UTC] PHP Fatal error:  Allowed memory size of 134217728 bytes exhausted (tried to allocate 65536 bytes) in /var/www/html/pimcore/main_project/vendor/symfony/error-handler/DebugClassLoader.php on line 285
[15-Jan-2023 18:08:44 UTC] PHP Fatal error:  Allowed memory size of 134217728 bytes exhausted (tried to allocate 12288 bytes) in /var/www/html/pimcore/main_project/vendor/symfony/cache/Marshaller/DefaultMarshaller.php on line 80
[15-Jan-2023 18:08:44 UTC] PHP Fatal error:  Allowed memory size of 134217728 bytes exhausted (tried to allocate 65536 bytes) in /var/www/html/pimcore/main_project/vendor/symfony/error-handler/DebugClassLoader.php on line 285
[15-Jan-2023 18:08:59 UTC] PHP Fatal error:  Allowed memory size of 134217728 bytes exhausted (tried to allocate 12288 bytes) in /var/www/html/pimcore/main_project/vendor/symfony/cache/Marshaller/DefaultMarshaller.php on line 80
[15-Jan-2023 18:08:59 UTC] PHP Fatal error:  Allowed memory size of 134217728 bytes exhausted (tried to allocate 65536 bytes) in /var/www/html/pimcore/main_project/vendor/symfony/error-handler/DebugClassLoader.php on line 285
[15-Jan-2023 20:36:09 UTC] 2023-01-15T20:36:09+00:00 [critical] Uncaught Exception: The autoloader expected class "App\Command\Clothing_api" to be defined in file "/var/www/html/pimcore/main_project/vendor/composer/../../src/Command/Clothing_api.php". The file was found but the class was not in it, the class name or namespace probably has a typo.
[15-Jan-2023 20:36:44 UTC] 2023-01-15T20:36:44+00:00 [critical] Uncaught Exception: Expected to find class "App\Command\Clothing_api" in file "/var/www/html/pimcore/main_project/src/Command/Clothing_api.php" while importing services from resource "../src/Command/*", but it was not found! Check the namespace prefix used with the resource in /var/www/html/pimcore/main_project/config/services.yaml (which is being imported from "/var/www/html/pimcore/main_project/src/Kernel.php").
[16-Jan-2023 11:20:54 UTC] 2023-01-16T11:20:54+00:00 [critical] Uncaught Error: syntax error, unexpected token "default", expecting ")"
[16-Jan-2023 11:32:40 UTC] 2023-01-16T11:32:40+00:00 [critical] Uncaught Exception: The file "/var/www/html/pimcore/main_project/config/services.yaml" does not contain valid YAML: Indentation problem in "/var/www/html/pimcore/main_project/config/services.yaml" at line 73 (near "   App\Eventlisteners\Orderdate:") in /var/www/html/pimcore/main_project/config/services.yaml (which is being imported from "/var/www/html/pimcore/main_project/src/Kernel.php").
[16-Jan-2023 11:33:10 UTC] 2023-01-16T11:33:10+00:00 [critical] Uncaught Exception: The file "/var/www/html/pimcore/main_project/config/services.yaml" does not contain valid YAML: Indentation problem in "/var/www/html/pimcore/main_project/config/services.yaml" at line 73 (near "   App\Eventlisteners\Orderdate:") in /var/www/html/pimcore/main_project/config/services.yaml (which is being imported from "/var/www/html/pimcore/main_project/src/Kernel.php").
[16-Jan-2023 11:33:40 UTC] 2023-01-16T11:33:40+00:00 [critical] Uncaught Exception: The file "/var/www/html/pimcore/main_project/config/services.yaml" does not contain valid YAML: Indentation problem in "/var/www/html/pimcore/main_project/config/services.yaml" at line 73 (near "   App\Eventlisteners\Orderdate:") in /var/www/html/pimcore/main_project/config/services.yaml (which is being imported from "/var/www/html/pimcore/main_project/src/Kernel.php").
[16-Jan-2023 11:34:10 UTC] 2023-01-16T11:34:10+00:00 [critical] Uncaught Exception: The file "/var/www/html/pimcore/main_project/config/services.yaml" does not contain valid YAML: Indentation problem in "/var/www/html/pimcore/main_project/config/services.yaml" at line 73 (near "   App\Eventlisteners\Orderdate:") in /var/www/html/pimcore/main_project/config/services.yaml (which is being imported from "/var/www/html/pimcore/main_project/src/Kernel.php").
[16-Jan-2023 11:34:40 UTC] 2023-01-16T11:34:40+00:00 [critical] Uncaught Exception: The file "/var/www/html/pimcore/main_project/config/services.yaml" does not contain valid YAML: Unable to parse at line 72 (near "Example event listener for objects") in /var/www/html/pimcore/main_project/config/services.yaml (which is being imported from "/var/www/html/pimcore/main_project/src/Kernel.php").
[16-Jan-2023 11:35:10 UTC] 2023-01-16T11:35:10+00:00 [critical] Uncaught Exception: The file "/var/www/html/pimcore/main_project/config/services.yaml" does not contain valid YAML: Unable to parse at line 72 (near "Example event listener for objects") in /var/www/html/pimcore/main_project/config/services.yaml (which is being imported from "/var/www/html/pimcore/main_project/src/Kernel.php").
[16-Jan-2023 11:35:40 UTC] 2023-01-16T11:35:40+00:00 [critical] Uncaught Exception: The file "/var/www/html/pimcore/main_project/config/services.yaml" does not contain valid YAML: Unable to parse at line 72 (near "Example event listener for objects") in /var/www/html/pimcore/main_project/config/services.yaml (which is being imported from "/var/www/html/pimcore/main_project/src/Kernel.php").
[16-Jan-2023 11:36:10 UTC] 2023-01-16T11:36:10+00:00 [critical] Uncaught Exception: The file "/var/www/html/pimcore/main_project/config/services.yaml" does not contain valid YAML: Unable to parse at line 72 (near "Example event listener for objects") in /var/www/html/pimcore/main_project/config/services.yaml (which is being imported from "/var/www/html/pimcore/main_project/src/Kernel.php").
[16-Jan-2023 16:33:35 UTC] 2023-01-16T16:33:35+00:00 [info] User Deprecated: Method "Symfony\Component\HttpKernel\KernelInterface::locateResource()" might add "string" as a native return type declaration in the future. Do the same in implementation "Pimcore\Kernel" now to avoid errors or add an explicit @return annotation to suppress this message.
[16-Jan-2023 16:33:35 UTC] 2023-01-16T16:33:35+00:00 [critical] Uncaught Exception: The file "/var/www/html/pimcore/main_project/config/services.yaml" does not contain valid YAML: Unable to parse at line 72 (near "Example event listener for objects") in /var/www/html/pimcore/main_project/config/services.yaml (which is being imported from "/var/www/html/pimcore/main_project/src/Kernel.php").
[16-Jan-2023 16:34:08 UTC] 2023-01-16T16:34:08+00:00 [critical] Uncaught Exception: The file "/var/www/html/pimcore/main_project/config/services.yaml" does not contain valid YAML: Unable to parse at line 72 (near "Example event listener for objects") in /var/www/html/pimcore/main_project/config/services.yaml (which is being imported from "/var/www/html/pimcore/main_project/src/Kernel.php").
[16-Jan-2023 16:34:31 UTC] 2023-01-16T16:34:31+00:00 [critical] Uncaught Exception: The file "/var/www/html/pimcore/main_project/config/services.yaml" does not contain valid YAML: Unable to parse at line 72 (near "Example event listener for objects") in /var/www/html/pimcore/main_project/config/services.yaml (which is being imported from "/var/www/html/pimcore/main_project/src/Kernel.php").
[16-Jan-2023 16:35:02 UTC] 2023-01-16T16:35:02+00:00 [critical] Uncaught Exception: The file "/var/www/html/pimcore/main_project/config/services.yaml" does not contain valid YAML: Unable to parse at line 72 (near "Example event listener for objects") in /var/www/html/pimcore/main_project/config/services.yaml (which is being imported from "/var/www/html/pimcore/main_project/src/Kernel.php").
[16-Jan-2023 16:35:51 UTC] 2023-01-16T16:35:51+00:00 [critical] Uncaught Exception: The file "/var/www/html/pimcore/main_project/config/services.yaml" does not contain valid YAML: Unable to parse at line 72 (near "Example event listener for objects") in /var/www/html/pimcore/main_project/config/services.yaml (which is being imported from "/var/www/html/pimcore/main_project/src/Kernel.php").
[16-Jan-2023 16:45:54 UTC] 2023-01-16T16:45:54+00:00 [critical] Uncaught Exception: Case mismatch between loaded and declared class names: "App\Eventlisteners\Orderdate" vs "App\EventListeners\Orderdate".
[16-Jan-2023 16:50:20 UTC] 2023-01-16T16:50:20+00:00 [critical] Uncaught Exception: Case mismatch between loaded and declared class names: "App\Eventlisteners\Orderdate" vs "App\EventListeners\Orderdate".
[16-Jan-2023 17:00:08 UTC] 2023-01-16T17:00:08+00:00 [critical] Uncaught Exception: Case mismatch between loaded and declared class names: "App\Eventlisteners\Orderdate" vs "App\EventListeners\Orderdate".
[16-Jan-2023 17:00:34 UTC] 2023-01-16T17:00:34+00:00 [critical] Uncaught Exception: The file "/var/www/html/pimcore/main_project/config/services.yaml" does not contain valid YAML: Unable to parse at line 72 (near "Example event listener for objects") in /var/www/html/pimcore/main_project/config/services.yaml (which is being imported from "/var/www/html/pimcore/main_project/src/Kernel.php").
[16-Jan-2023 17:17:57 UTC] 2023-01-16T17:17:57+00:00 [critical] Uncaught Exception: The file "/var/www/html/pimcore/main_project/config/services.yaml" does not contain valid YAML: Unable to parse at line 72 (near "Example event listener for objects") in /var/www/html/pimcore/main_project/config/services.yaml (which is being imported from "/var/www/html/pimcore/main_project/src/Kernel.php").
[16-Jan-2023 17:18:00 UTC] 2023-01-16T17:18:01+00:00 [critical] Uncaught Exception: The file "/var/www/html/pimcore/main_project/config/services.yaml" does not contain valid YAML: Unable to parse at line 72 (near "Example event listener for objects") in /var/www/html/pimcore/main_project/config/services.yaml (which is being imported from "/var/www/html/pimcore/main_project/src/Kernel.php").
[16-Jan-2023 17:30:50 UTC] 2023-01-16T17:30:50+00:00 [critical] Uncaught Exception: Case mismatch between loaded and declared class names: "App\Eventlisteners\Orderdate" vs "App\EventListeners\Orderdate".
[16-Jan-2023 17:50:46 UTC] 2023-01-16T17:50:46+00:00 [critical] Uncaught Exception: Case mismatch between loaded and declared class names: "App\Eventlisteners\Beautydate" vs "App\EventListeners\Beautydate".
