AUTOCREATE
2023-01-03T11:40:27+0530 : 0|Pimcore\Bundle\AdminBundle\Controller\Admin\LoginController::loginAction|pimcore_admin_login|[]|{"perspective":""}
2023-01-03T12:37:52+0530 : 0|Pimcore\Bundle\AdminBundle\Controller\Admin\LoginController::loginAction|pimcore_admin_login|[]|{"perspective":""}
2023-01-03T12:37:52+0530 : 0|Pimcore\Bundle\AdminBundle\Controller\Admin\SettingsController::displayCustomLogoAction|pimcore_settings_display_custom_logo|[]|{"white":"true"}
2023-01-03T12:38:25+0530 : 2|Pimcore\Bundle\AdminBundle\Controller\Admin\IndexController::indexAction|pimcore_admin_index|[]|{"perspective":""}
2023-01-03T12:38:25+0530 : 2|Pimcore\Bundle\AdminBundle\Controller\Admin\MiscController::adminCssAction|pimcore_admin_misc_admincss|[]|[]
2023-01-03T12:38:25+0530 : 2|Pimcore\Bundle\AdminBundle\Controller\Admin\MiscController::jsonTranslationsSystemAction|pimcore_admin_misc_jsontranslationssystem|[]|{"language":"en"}
2023-01-03T12:38:25+0530 : 2|Pimcore\Bundle\AdminBundle\Controller\Admin\UserController::getCurrentUserAction|pimcore_admin_user_getcurrentuser|[]|[]
2023-01-03T12:38:25+0530 : 2|Pimcore\Bundle\AdminBundle\Controller\Admin\MiscController::availableLanguagesAction|pimcore_admin_misc_availablelanguages|[]|[]
2023-01-03T12:38:25+0530 : 2|Pimcore\Bundle\AdminBundle\Controller\Admin\MiscController::scriptProxyAction|pimcore_admin_misc_scriptproxy|[]|{"storageFile":"minified_javascript_core_44ec3947584d507..."}
2023-01-03T12:38:25+0530 : 2|Pimcore\Bundle\AdminBundle\Controller\Admin\MiscController::scriptProxyAction|pimcore_admin_misc_scriptproxy|[]|{"storageFile":"minified_javascript_core_d41d8cd98f00b20..."}
2023-01-03T12:38:25+0530 : 2|Pimcore\Bundle\AdminBundle\Controller\Admin\UserController::getImageAction|pimcore_admin_user_getimage|[]|[]
2023-01-03T12:38:26+0530 : 2|Pimcore\Bundle\AdminBundle\Controller\Admin\Document\DocumentController::treeGetRootAction|pimcore_admin_document_document_treegetroot|[]|{"id":"1","view":"","elementType":"document"}
2023-01-03T12:38:26+0530 : 2|Pimcore\Bundle\AdminBundle\Controller\Admin\SettingsController::displayCustomLogoAction|pimcore_settings_display_custom_logo|[]|[]
2023-01-03T12:38:26+0530 : 2|Pimcore\Bundle\AdminBundle\Controller\Admin\DataObject\DataObjectController::treeGetRootAction|pimcore_admin_dataobject_dataobject_treegetroot|[]|{"id":"","view":"","elementType":"object"}
2023-01-03T12:38:26+0530 : 2|Pimcore\Bundle\AdminBundle\Controller\Admin\Asset\AssetController::treeGetRootAction|pimcore_admin_asset_treegetroot|[]|{"id":"1","view":"","elementType":"asset"}
2023-01-03T12:38:26+0530 : 2|Pimcore\Bundle\AdminBundle\Controller\Admin\PortalController::dashboardListAction|pimcore_admin_portal_dashboardlist|[]|[]
2023-01-03T12:38:26+0530 : 2|Pimcore\Bundle\AdminBundle\Controller\Admin\NotificationController::findLastUnreadAction|pimcore_admin_notification_findlastunread|[]|{"lastUpdate":"1672729706"}
2023-01-03T12:38:26+0530 : 2|Pimcore\Bundle\AdminBundle\Controller\Admin\DataObject\ClassController::getTreeAction|pimcore_admin_dataobject_class_gettree|[]|{"page":"1","start":"0","limit":"25"}
2023-01-03T12:38:26+0530 : 2|Pimcore\Bundle\AdminBundle\Controller\Admin\Document\DocumentController::docTypesGetAction|pimcore_admin_document_document_doctypesget|[]|{"xaction":"read","page":"1","start":"0","limit":"25"}
2023-01-03T12:38:26+0530 : 2|Pimcore\Bundle\AdminBundle\Controller\Admin\DataObject\ClassController::getTreeAction|pimcore_admin_dataobject_class_gettree|[]|{"createAllowed":"true","page":"1","start":"0","limit":"25"}
2023-01-03T12:38:26+0530 : 2|Pimcore\Bundle\AdminBundle\Controller\Admin\SettingsController::getAvailableAdminLanguagesAction|pimcore_admin_settings_getavailableadminlanguages|[]|{"page":"1","start":"0","limit":"25"}
2023-01-03T12:38:26+0530 : 2|Pimcore\Bundle\AdminBundle\Controller\Admin\TargetingController::targetGroupListAction|pimcore_admin_targeting_targetgrouplist|[]|{"page":"1","start":"0","limit":"25"}
2023-01-03T12:38:26+0530 : 2|Pimcore\Bundle\AdminBundle\Controller\Admin\SettingsController::getAvailableSitesAction|pimcore_admin_settings_getavailablesites|[]|{"page":"1","start":"0","limit":"25"}
2023-01-03T12:38:26+0530 : 2|Pimcore\Bundle\AdminBundle\Controller\Reports\CustomReportController::getReportConfigAction|pimcore_admin_reports_customreport_getreportconfig|[]|[]
2023-01-03T12:38:26+0530 : 2|Pimcore\Bundle\AdminBundle\Controller\Admin\DataObject\DataObjectController::treeGetChildsByIdAction|pimcore_admin_dataobject_dataobject_treegetchildsbyid|[]|{"limit":"30","view":"","parentPath":"\/","page":"1","start":"0","node":"1"}
2023-01-03T12:38:56+0530 : 2|Pimcore\Bundle\AdminBundle\Controller\Admin\NotificationController::findLastUnreadAction|pimcore_admin_notification_findlastunread|[]|{"lastUpdate":"1672729706"}
2023-01-03T13:01:26+0530 : 2|Pimcore\Bundle\AdminBundle\Controller\Admin\MiscController::pingAction|pimcore_admin_misc_ping|[]|[]
2023-01-03T13:07:00+0530 : 0|Pimcore\Bundle\AdminBundle\Controller\Admin\LoginController::loginAction|pimcore_admin_login|[]|{"perspective":""}
2023-01-03T13:07:00+0530 : 0|Pimcore\Bundle\AdminBundle\Controller\Admin\SettingsController::displayCustomLogoAction|pimcore_settings_display_custom_logo|[]|{"white":"true"}
2023-01-03T13:07:10+0530 : 2|Pimcore\Bundle\AdminBundle\Controller\Admin\IndexController::indexAction|pimcore_admin_index|[]|{"perspective":""}
2023-01-03T13:07:10+0530 : 2|Pimcore\Bundle\AdminBundle\Controller\Admin\MiscController::adminCssAction|pimcore_admin_misc_admincss|[]|[]
2023-01-03T13:07:10+0530 : 2|Pimcore\Bundle\AdminBundle\Controller\Admin\MiscController::jsonTranslationsSystemAction|pimcore_admin_misc_jsontranslationssystem|[]|{"language":"en"}
2023-01-03T13:07:10+0530 : 2|Pimcore\Bundle\AdminBundle\Controller\Admin\MiscController::availableLanguagesAction|pimcore_admin_misc_availablelanguages|[]|[]
2023-01-03T13:07:10+0530 : 2|Pimcore\Bundle\AdminBundle\Controller\Admin\UserController::getCurrentUserAction|pimcore_admin_user_getcurrentuser|[]|[]
2023-01-03T13:07:10+0530 : 2|Pimcore\Bundle\AdminBundle\Controller\Admin\MiscController::scriptProxyAction|pimcore_admin_misc_scriptproxy|[]|{"storageFile":"minified_javascript_core_d41d8cd98f00b20..."}
2023-01-03T13:07:10+0530 : 2|Pimcore\Bundle\AdminBundle\Controller\Admin\MiscController::scriptProxyAction|pimcore_admin_misc_scriptproxy|[]|{"storageFile":"minified_javascript_core_44ec3947584d507..."}
2023-01-03T13:07:10+0530 : 2|Pimcore\Bundle\AdminBundle\Controller\Admin\UserController::getImageAction|pimcore_admin_user_getimage|[]|[]
2023-01-03T13:07:11+0530 : 2|Pimcore\Bundle\AdminBundle\Controller\Admin\MiscController::scriptProxyAction|pimcore_admin_misc_scriptproxy|[]|{"storageFile":"minified_javascript_core_d41d8cd98f00b20..."}
2023-01-03T13:07:11+0530 : 2|Pimcore\Bundle\AdminBundle\Controller\Admin\SettingsController::displayCustomLogoAction|pimcore_settings_display_custom_logo|[]|[]
2023-01-03T13:07:11+0530 : 2|Pimcore\Bundle\AdminBundle\Controller\Admin\Document\DocumentController::treeGetRootAction|pimcore_admin_document_document_treegetroot|[]|{"id":"1","view":"","elementType":"document"}
2023-01-03T13:07:11+0530 : 2|Pimcore\Bundle\AdminBundle\Controller\Admin\Asset\AssetController::treeGetRootAction|pimcore_admin_asset_treegetroot|[]|{"id":"1","view":"","elementType":"asset"}
2023-01-03T13:07:11+0530 : 2|Pimcore\Bundle\AdminBundle\Controller\Admin\PortalController::dashboardListAction|pimcore_admin_portal_dashboardlist|[]|[]
2023-01-03T13:07:11+0530 : 2|Pimcore\Bundle\AdminBundle\Controller\Admin\DataObject\DataObjectController::treeGetRootAction|pimcore_admin_dataobject_dataobject_treegetroot|[]|{"id":"","view":"","elementType":"object"}
2023-01-03T13:07:11+0530 : 2|Pimcore\Bundle\AdminBundle\Controller\Admin\NotificationController::findLastUnreadAction|pimcore_admin_notification_findlastunread|[]|{"lastUpdate":"1672731431"}
2023-01-03T13:07:11+0530 : 2|Pimcore\Bundle\AdminBundle\Controller\Reports\CustomReportController::getReportConfigAction|pimcore_admin_reports_customreport_getreportconfig|[]|[]
2023-01-03T13:07:11+0530 : 2|Pimcore\Bundle\AdminBundle\Controller\Admin\DataObject\ClassController::getTreeAction|pimcore_admin_dataobject_class_gettree|[]|{"createAllowed":"true","page":"1","start":"0","limit":"25"}
2023-01-03T13:07:11+0530 : 2|Pimcore\Bundle\AdminBundle\Controller\Admin\Document\DocumentController::docTypesGetAction|pimcore_admin_document_document_doctypesget|[]|{"xaction":"read","page":"1","start":"0","limit":"25"}
2023-01-03T13:07:11+0530 : 2|Pimcore\Bundle\AdminBundle\Controller\Admin\DataObject\ClassController::getTreeAction|pimcore_admin_dataobject_class_gettree|[]|{"page":"1","start":"0","limit":"25"}
2023-01-03T13:07:11+0530 : 2|Pimcore\Bundle\AdminBundle\Controller\Admin\SettingsController::getAvailableSitesAction|pimcore_admin_settings_getavailablesites|[]|{"page":"1","start":"0","limit":"25"}
2023-01-03T13:07:11+0530 : 2|Pimcore\Bundle\AdminBundle\Controller\Admin\SettingsController::getAvailableAdminLanguagesAction|pimcore_admin_settings_getavailableadminlanguages|[]|{"page":"1","start":"0","limit":"25"}
2023-01-03T13:07:11+0530 : 2|Pimcore\Bundle\AdminBundle\Controller\Admin\DataObject\DataObjectController::treeGetChildsByIdAction|pimcore_admin_dataobject_dataobject_treegetchildsbyid|[]|{"limit":"30","view":"","parentPath":"\/","page":"1","start":"0","node":"1"}
2023-01-03T13:07:11+0530 : 2|Pimcore\Bundle\AdminBundle\Controller\Admin\TargetingController::targetGroupListAction|pimcore_admin_targeting_targetgrouplist|[]|{"page":"1","start":"0","limit":"25"}
2023-01-03T13:07:17+0530 : 2|Pimcore\Bundle\AdminBundle\Controller\Admin\IndexController::statisticsAction|pimcore_admin_index_statistics|[]|[]
2023-01-03T13:07:27+0530 : 2|Pimcore\Bundle\AdminBundle\Controller\Admin\DataObject\ClassController::getTreeAction|pimcore_admin_dataobject_class_gettree|[]|{"grouped":"1","withId":"1","node":"0"}
2023-01-03T13:07:29+0530 : 2|Pimcore\Bundle\AdminBundle\Controller\Admin\DataObject\ClassController::suggestClassIdentifierAction|pimcore_admin_dataobject_class_suggestclassidentifier|[]|[]
2023-01-03T13:07:41+0530 : 2|Pimcore\Bundle\AdminBundle\Controller\Admin\NotificationController::findLastUnreadAction|pimcore_admin_notification_findlastunread|[]|{"lastUpdate":"1672731431"}
2023-01-03T13:07:41+0530 : 2|Pimcore\Bundle\AdminBundle\Controller\Admin\DataObject\ClassController::addAction|pimcore_admin_dataobject_class_add|[]|{"className":"test","classIdentifier":"1"}
2023-01-03T13:07:42+0530 : 2|Pimcore\Bundle\AdminBundle\Controller\Admin\DataObject\ClassController::getAction|pimcore_admin_dataobject_class_get|[]|{"id":"1"}
2023-01-03T13:07:42+0530 : 2|Pimcore\Bundle\AdminBundle\Controller\Admin\DataObject\ClassController::getTreeAction|pimcore_admin_dataobject_class_gettree|[]|{"page":"1","start":"0","limit":"25"}
2023-01-03T13:07:42+0530 : 2|Pimcore\Bundle\AdminBundle\Controller\Admin\DataObject\ClassController::getTreeAction|pimcore_admin_dataobject_class_gettree|[]|{"grouped":"1","withId":"1","node":"0"}
2023-01-03T13:07:42+0530 : 2|Pimcore\Bundle\AdminBundle\Controller\Admin\DataObject\ClassController::getTreeAction|pimcore_admin_dataobject_class_gettree|[]|{"createAllowed":"true","page":"1","start":"0","limit":"25"}
2023-01-03T13:07:42+0530 : 2|Pimcore\Bundle\AdminBundle\Controller\Admin\DataObject\ClassController::getBrickUsagesAction|pimcore_admin_dataobject_class_getbrickusages|[]|{"classId":"1","page":"1","start":"0","limit":"25"}
2023-01-03T13:07:57+0530 : 2|Pimcore\Bundle\AdminBundle\Controller\Admin\DataObject\ClassController::saveAction|pimcore_admin_dataobject_class_save|[]|{"configuration":"{\"children\":[{\"name\":\"Layout\",\"datatype\"...","values":"{\"dao\":null,\"id\":\"1\",\"name\":\"test\",\"desc...","id":"1"}
2023-01-03T13:07:58+0530 : 2|Pimcore\Bundle\AdminBundle\Controller\Admin\DataObject\ClassController::getTreeAction|pimcore_admin_dataobject_class_gettree|[]|{"grouped":"1","withId":"1","node":"0"}
2023-01-03T13:07:58+0530 : 2|Pimcore\Bundle\AdminBundle\Controller\Admin\DataObject\ClassController::getTreeAction|pimcore_admin_dataobject_class_gettree|[]|{"page":"1","start":"0","limit":"25"}
2023-01-03T13:07:58+0530 : 2|Pimcore\Bundle\AdminBundle\Controller\Admin\DataObject\ClassController::getTreeAction|pimcore_admin_dataobject_class_gettree|[]|{"createAllowed":"true","page":"1","start":"0","limit":"25"}
2023-01-03T13:08:08+0530 : 2|Pimcore\Bundle\AdminBundle\Controller\Admin\Asset\AssetController::getDataByIdAction|pimcore_admin_asset_getdatabyid|[]|{"id":"1","type":"folder"}
2023-01-03T13:08:08+0530 : 2|Pimcore\Bundle\AdminBundle\Controller\Admin\Asset\AssetController::getFolderContentPreviewAction|pimcore_admin_asset_getfoldercontentpreview|[]|{"id":"1","page":"1","start":"0","limit":"25"}
2023-01-03T13:08:08+0530 : 2|Pimcore\Bundle\AdminBundle\Controller\Admin\Asset\AssetHelperController::gridGetColumnConfigAction|pimcore_admin_asset_assethelper_gridgetcolumnconfig|[]|{"id":"1","type":"asset","gridConfigId":"","searchType":"folder"}
2023-01-03T13:08:08+0530 : 2|Pimcore\Bundle\AdminBundle\Controller\Admin\TagsController::treeGetChildrenByIdAction|pimcore_admin_tags_treegetchildrenbyid|[]|{"showSelection":"true","assignmentCId":"","assignmentCType":"","node":"0"}
2023-01-03T13:08:09+0530 : 2|Pimcore\Bundle\AdminBundle\Controller\Admin\Asset\AssetController::gridProxyAction|pimcore_admin_asset_gridproxy|[]|{"xaction":"read","folderId":"1","language":"","only_direct_children":"false","only_unreferenced":"false","considerChildTags":"0","page":"1","start":"0","limit":"25"}
2023-01-03T13:08:11+0530 : 2|Pimcore\Bundle\AdminBundle\Controller\Admin\NotificationController::findLastUnreadAction|pimcore_admin_notification_findlastunread|[]|{"lastUpdate":"1672731461"}
2023-01-03T13:08:11+0530 : 2|Pimcore\Bundle\AdminBundle\Controller\Admin\TranslationController::addAdminTranslationKeysAction|pimcore_admin_translation_addadmintranslationkeys|[]|{"keys":"[\"global\",\"ignoreCase\",\"multiline\",\"unic..."}
2023-01-03T13:08:21+0530 : 2|Pimcore\Bundle\AdminBundle\Controller\Admin\MiscController::getValidFilenameAction|pimcore_admin_misc_getvalidfilename|[]|{"value":"test","type":"object"}
2023-01-03T13:08:21+0530 : 2|Pimcore\Bundle\AdminBundle\Controller\Admin\DataObject\DataObjectController::addAction|pimcore_admin_dataobject_dataobject_add|[]|{"elementType":"object","parentId":"1","className":"test","classId":"1","key":"test"}
2023-01-03T13:08:21+0530 : 2|Pimcore\Bundle\AdminBundle\Controller\Admin\DataObject\DataObjectController::getAction|pimcore_admin_dataobject_dataobject_get|[]|{"id":"2"}
2023-01-03T13:08:21+0530 : 2|Pimcore\Bundle\AdminBundle\Controller\Admin\DataObject\DataObjectController::treeGetChildsByIdAction|pimcore_admin_dataobject_dataobject_treegetchildsbyid|[]|{"limit":"30","view":"","parentPath":"\/","fromPaging":"0","start":"0","page":"1","node":"1"}
2023-01-03T13:08:41+0530 : 2|Pimcore\Bundle\AdminBundle\Controller\Admin\NotificationController::findLastUnreadAction|pimcore_admin_notification_findlastunread|[]|{"lastUpdate":"1672731491"}
2023-01-03T13:08:41+0530 : 2|Pimcore\Bundle\AdminBundle\Controller\Admin\TranslationController::addAdminTranslationKeysAction|pimcore_admin_translation_addadmintranslationkeys|[]|{"keys":"[\"object_add_dialog_custom_text.test\",\"o..."}
2023-01-03T13:09:11+0530 : 2|Pimcore\Bundle\AdminBundle\Controller\Admin\NotificationController::findLastUnreadAction|pimcore_admin_notification_findlastunread|[]|{"lastUpdate":"1672731521"}
2023-01-03T13:09:41+0530 : 2|Pimcore\Bundle\AdminBundle\Controller\Admin\NotificationController::findLastUnreadAction|pimcore_admin_notification_findlastunread|[]|{"lastUpdate":"1672731551"}
2023-01-03T13:10:11+0530 : 2|Pimcore\Bundle\AdminBundle\Controller\Admin\NotificationController::findLastUnreadAction|pimcore_admin_notification_findlastunread|[]|{"lastUpdate":"1672731581"}
2023-01-03T13:10:41+0530 : 2|Pimcore\Bundle\AdminBundle\Controller\Admin\NotificationController::findLastUnreadAction|pimcore_admin_notification_findlastunread|[]|{"lastUpdate":"1672731611"}
2023-01-03T13:11:11+0530 : 2|Pimcore\Bundle\AdminBundle\Controller\Admin\NotificationController::findLastUnreadAction|pimcore_admin_notification_findlastunread|[]|{"lastUpdate":"1672731641"}
2023-01-03T13:11:41+0530 : 2|Pimcore\Bundle\AdminBundle\Controller\Admin\NotificationController::findLastUnreadAction|pimcore_admin_notification_findlastunread|[]|{"lastUpdate":"1672731671"}
2023-01-03T13:12:11+0530 : 2|Pimcore\Bundle\AdminBundle\Controller\Admin\NotificationController::findLastUnreadAction|pimcore_admin_notification_findlastunread|[]|{"lastUpdate":"1672731701"}
2023-01-03T13:12:41+0530 : 2|Pimcore\Bundle\AdminBundle\Controller\Admin\NotificationController::findLastUnreadAction|pimcore_admin_notification_findlastunread|[]|{"lastUpdate":"1672731731"}
2023-01-03T13:13:11+0530 : 2|Pimcore\Bundle\AdminBundle\Controller\Admin\NotificationController::findLastUnreadAction|pimcore_admin_notification_findlastunread|[]|{"lastUpdate":"1672731761"}
2023-01-03T13:17:40+0530 : 2|Pimcore\Bundle\AdminBundle\Controller\Admin\IndexController::indexAction|pimcore_admin_index|[]|{"perspective":""}
2023-01-03T13:17:40+0530 : 2|Pimcore\Bundle\AdminBundle\Controller\Admin\Document\DocumentController::treeGetRootAction|pimcore_admin_document_document_treegetroot|[]|{"id":"1","view":"","elementType":"document"}
2023-01-03T13:17:40+0530 : 2|Pimcore\Bundle\AdminBundle\Controller\Admin\PortalController::dashboardListAction|pimcore_admin_portal_dashboardlist|[]|[]
2023-01-03T13:17:40+0530 : 2|Pimcore\Bundle\AdminBundle\Controller\Admin\Asset\AssetController::treeGetRootAction|pimcore_admin_asset_treegetroot|[]|{"id":"1","view":"","elementType":"asset"}
2023-01-03T13:17:40+0530 : 2|Pimcore\Bundle\AdminBundle\Controller\Admin\DataObject\DataObjectController::treeGetRootAction|pimcore_admin_dataobject_dataobject_treegetroot|[]|{"id":"","view":"","elementType":"object"}
2023-01-03T13:17:40+0530 : 2|Pimcore\Bundle\AdminBundle\Controller\Admin\NotificationController::findLastUnreadAction|pimcore_admin_notification_findlastunread|[]|{"lastUpdate":"1672732060"}
2023-01-03T13:17:40+0530 : 2|Pimcore\Bundle\AdminBundle\Controller\Admin\TargetingController::targetGroupListAction|pimcore_admin_targeting_targetgrouplist|[]|{"page":"1","start":"0","limit":"25"}
2023-01-03T13:17:40+0530 : 2|Pimcore\Bundle\AdminBundle\Controller\Admin\DataObject\ClassController::getTreeAction|pimcore_admin_dataobject_class_gettree|[]|{"createAllowed":"true","page":"1","start":"0","limit":"25"}
2023-01-03T13:17:40+0530 : 2|Pimcore\Bundle\AdminBundle\Controller\Admin\DataObject\ClassController::getTreeAction|pimcore_admin_dataobject_class_gettree|[]|{"page":"1","start":"0","limit":"25"}
2023-01-03T13:17:40+0530 : 2|Pimcore\Bundle\AdminBundle\Controller\Admin\SettingsController::getAvailableAdminLanguagesAction|pimcore_admin_settings_getavailableadminlanguages|[]|{"page":"1","start":"0","limit":"25"}
2023-01-03T13:17:40+0530 : 2|Pimcore\Bundle\AdminBundle\Controller\Admin\SettingsController::getAvailableSitesAction|pimcore_admin_settings_getavailablesites|[]|{"page":"1","start":"0","limit":"25"}
2023-01-03T13:17:40+0530 : 2|Pimcore\Bundle\AdminBundle\Controller\Admin\Document\DocumentController::docTypesGetAction|pimcore_admin_document_document_doctypesget|[]|{"xaction":"read","page":"1","start":"0","limit":"25"}
2023-01-03T13:17:41+0530 : 2|Pimcore\Bundle\AdminBundle\Controller\Admin\DataObject\DataObjectController::treeGetChildsByIdAction|pimcore_admin_dataobject_dataobject_treegetchildsbyid|[]|{"limit":"30","view":"","page":"1","start":"0","node":"1"}
2023-01-03T13:17:41+0530 : 2|Pimcore\Bundle\AdminBundle\Controller\Reports\CustomReportController::getReportConfigAction|pimcore_admin_reports_customreport_getreportconfig|[]|[]
2023-01-03T13:17:41+0530 : 2|Pimcore\Bundle\AdminBundle\Controller\Admin\DataObject\DataObjectController::getAction|pimcore_admin_dataobject_dataobject_get|[]|{"id":"2"}
2023-01-03T13:17:41+0530 : 2|Pimcore\Bundle\AdminBundle\Controller\Admin\Asset\AssetController::getDataByIdAction|pimcore_admin_asset_getdatabyid|[]|{"id":"1","type":"folder"}
2023-01-03T13:17:42+0530 : 2|Pimcore\Bundle\AdminBundle\Controller\Admin\Asset\AssetController::getFolderContentPreviewAction|pimcore_admin_asset_getfoldercontentpreview|[]|{"id":"1","page":"1","start":"0","limit":"25"}
2023-01-03T13:17:42+0530 : 2|Pimcore\Bundle\AdminBundle\Controller\Admin\Asset\AssetHelperController::gridGetColumnConfigAction|pimcore_admin_asset_assethelper_gridgetcolumnconfig|[]|{"id":"1","type":"asset","gridConfigId":"","searchType":"folder"}
2023-01-03T13:17:42+0530 : 2|Pimcore\Bundle\AdminBundle\Controller\Admin\TagsController::treeGetChildrenByIdAction|pimcore_admin_tags_treegetchildrenbyid|[]|{"showSelection":"true","assignmentCId":"","assignmentCType":"","node":"0"}
2023-01-03T13:17:42+0530 : 2|Pimcore\Bundle\AdminBundle\Controller\Admin\Asset\AssetController::gridProxyAction|pimcore_admin_asset_gridproxy|[]|{"xaction":"read","folderId":"1","language":"","only_direct_children":"false","only_unreferenced":"false","considerChildTags":"0","page":"1","start":"0","limit":"25"}
2023-01-03T13:17:47+0530 : 2|Pimcore\Bundle\AdminBundle\Controller\Admin\IndexController::statisticsAction|pimcore_admin_index_statistics|[]|[]
2023-01-03T13:18:09+0530 : 2|Pimcore\Bundle\AdminBundle\Controller\Admin\NotificationController::findLastUnreadAction|pimcore_admin_notification_findlastunread|[]|{"lastUpdate":"1672732060"}
2023-01-03T13:18:09+0530 : 2|Pimcore\Bundle\AdminBundle\Controller\Admin\TranslationController::addAdminTranslationKeysAction|pimcore_admin_translation_addadmintranslationkeys|[]|{"keys":"[\"Master (Admin Mode)\",\"Master\",\"CSV Exp..."}
2023-01-03T13:18:39+0530 : 2|Pimcore\Bundle\AdminBundle\Controller\Admin\NotificationController::findLastUnreadAction|pimcore_admin_notification_findlastunread|[]|{"lastUpdate":"1672732089"}
2023-01-03T13:19:09+0530 : 2|Pimcore\Bundle\AdminBundle\Controller\Admin\NotificationController::findLastUnreadAction|pimcore_admin_notification_findlastunread|[]|{"lastUpdate":"1672732119"}
2023-01-03T13:19:39+0530 : 2|Pimcore\Bundle\AdminBundle\Controller\Admin\NotificationController::findLastUnreadAction|pimcore_admin_notification_findlastunread|[]|{"lastUpdate":"1672732149"}
2023-01-03T13:20:09+0530 : 2|Pimcore\Bundle\AdminBundle\Controller\Admin\NotificationController::findLastUnreadAction|pimcore_admin_notification_findlastunread|[]|{"lastUpdate":"1672732179"}
2023-01-03T13:20:39+0530 : 2|Pimcore\Bundle\AdminBundle\Controller\Admin\NotificationController::findLastUnreadAction|pimcore_admin_notification_findlastunread|[]|{"lastUpdate":"1672732209"}
2023-01-03T13:21:09+0530 : 2|Pimcore\Bundle\AdminBundle\Controller\Admin\NotificationController::findLastUnreadAction|pimcore_admin_notification_findlastunread|[]|{"lastUpdate":"1672732239"}
2023-01-03T13:21:39+0530 : 2|Pimcore\Bundle\AdminBundle\Controller\Admin\NotificationController::findLastUnreadAction|pimcore_admin_notification_findlastunread|[]|{"lastUpdate":"1672732269"}
2023-01-03T13:22:09+0530 : 2|Pimcore\Bundle\AdminBundle\Controller\Admin\NotificationController::findLastUnreadAction|pimcore_admin_notification_findlastunread|[]|{"lastUpdate":"1672732299"}
2023-01-03T13:22:39+0530 : 2|Pimcore\Bundle\AdminBundle\Controller\Admin\NotificationController::findLastUnreadAction|pimcore_admin_notification_findlastunread|[]|{"lastUpdate":"1672732329"}
2023-01-03T13:23:09+0530 : 2|Pimcore\Bundle\AdminBundle\Controller\Admin\NotificationController::findLastUnreadAction|pimcore_admin_notification_findlastunread|[]|{"lastUpdate":"1672732359"}
2023-01-03T13:23:39+0530 : 2|Pimcore\Bundle\AdminBundle\Controller\Admin\NotificationController::findLastUnreadAction|pimcore_admin_notification_findlastunread|[]|{"lastUpdate":"1672732389"}
2023-01-03T13:24:09+0530 : 2|Pimcore\Bundle\AdminBundle\Controller\Admin\NotificationController::findLastUnreadAction|pimcore_admin_notification_findlastunread|[]|{"lastUpdate":"1672732419"}
2023-01-03T13:24:39+0530 : 2|Pimcore\Bundle\AdminBundle\Controller\Admin\NotificationController::findLastUnreadAction|pimcore_admin_notification_findlastunread|[]|{"lastUpdate":"1672732449"}
2023-01-03T13:25:09+0530 : 2|Pimcore\Bundle\AdminBundle\Controller\Admin\NotificationController::findLastUnreadAction|pimcore_admin_notification_findlastunread|[]|{"lastUpdate":"1672732479"}
2023-01-03T13:25:39+0530 : 2|Pimcore\Bundle\AdminBundle\Controller\Admin\NotificationController::findLastUnreadAction|pimcore_admin_notification_findlastunread|[]|{"lastUpdate":"1672732509"}
2023-01-03T13:26:09+0530 : 2|Pimcore\Bundle\AdminBundle\Controller\Admin\NotificationController::findLastUnreadAction|pimcore_admin_notification_findlastunread|[]|{"lastUpdate":"1672732539"}
2023-01-03T13:26:39+0530 : 2|Pimcore\Bundle\AdminBundle\Controller\Admin\NotificationController::findLastUnreadAction|pimcore_admin_notification_findlastunread|[]|{"lastUpdate":"1672732569"}
2023-01-03T13:27:09+0530 : 2|Pimcore\Bundle\AdminBundle\Controller\Admin\NotificationController::findLastUnreadAction|pimcore_admin_notification_findlastunread|[]|{"lastUpdate":"1672732599"}
2023-01-03T13:27:39+0530 : 2|Pimcore\Bundle\AdminBundle\Controller\Admin\NotificationController::findLastUnreadAction|pimcore_admin_notification_findlastunread|[]|{"lastUpdate":"1672732629"}
2023-01-03T13:28:09+0530 : 2|Pimcore\Bundle\AdminBundle\Controller\Admin\NotificationController::findLastUnreadAction|pimcore_admin_notification_findlastunread|[]|{"lastUpdate":"1672732659"}
2023-01-03T13:28:39+0530 : 2|Pimcore\Bundle\AdminBundle\Controller\Admin\NotificationController::findLastUnreadAction|pimcore_admin_notification_findlastunread|[]|{"lastUpdate":"1672732689"}
2023-01-03T13:29:09+0530 : 2|Pimcore\Bundle\AdminBundle\Controller\Admin\NotificationController::findLastUnreadAction|pimcore_admin_notification_findlastunread|[]|{"lastUpdate":"1672732719"}
2023-01-03T13:29:39+0530 : 2|Pimcore\Bundle\AdminBundle\Controller\Admin\NotificationController::findLastUnreadAction|pimcore_admin_notification_findlastunread|[]|{"lastUpdate":"1672732749"}
2023-01-03T13:30:09+0530 : 2|Pimcore\Bundle\AdminBundle\Controller\Admin\NotificationController::findLastUnreadAction|pimcore_admin_notification_findlastunread|[]|{"lastUpdate":"1672732779"}
2023-01-03T13:30:39+0530 : 2|Pimcore\Bundle\AdminBundle\Controller\Admin\NotificationController::findLastUnreadAction|pimcore_admin_notification_findlastunread|[]|{"lastUpdate":"1672732809"}
2023-01-03T13:31:09+0530 : 2|Pimcore\Bundle\AdminBundle\Controller\Admin\NotificationController::findLastUnreadAction|pimcore_admin_notification_findlastunread|[]|{"lastUpdate":"1672732839"}
2023-01-03T13:31:39+0530 : 2|Pimcore\Bundle\AdminBundle\Controller\Admin\NotificationController::findLastUnreadAction|pimcore_admin_notification_findlastunread|[]|{"lastUpdate":"1672732869"}
2023-01-03T13:32:09+0530 : 2|Pimcore\Bundle\AdminBundle\Controller\Admin\NotificationController::findLastUnreadAction|pimcore_admin_notification_findlastunread|[]|{"lastUpdate":"1672732899"}
2023-01-03T13:32:39+0530 : 2|Pimcore\Bundle\AdminBundle\Controller\Admin\NotificationController::findLastUnreadAction|pimcore_admin_notification_findlastunread|[]|{"lastUpdate":"1672732929"}
2023-01-03T13:33:09+0530 : 2|Pimcore\Bundle\AdminBundle\Controller\Admin\NotificationController::findLastUnreadAction|pimcore_admin_notification_findlastunread|[]|{"lastUpdate":"1672732959"}
2023-01-03T13:33:39+0530 : 2|Pimcore\Bundle\AdminBundle\Controller\Admin\NotificationController::findLastUnreadAction|pimcore_admin_notification_findlastunread|[]|{"lastUpdate":"1672732989"}
2023-01-03T13:34:09+0530 : 2|Pimcore\Bundle\AdminBundle\Controller\Admin\NotificationController::findLastUnreadAction|pimcore_admin_notification_findlastunread|[]|{"lastUpdate":"1672733019"}
2023-01-03T13:34:39+0530 : 2|Pimcore\Bundle\AdminBundle\Controller\Admin\NotificationController::findLastUnreadAction|pimcore_admin_notification_findlastunread|[]|{"lastUpdate":"1672733049"}
2023-01-03T13:35:09+0530 : 2|Pimcore\Bundle\AdminBundle\Controller\Admin\NotificationController::findLastUnreadAction|pimcore_admin_notification_findlastunread|[]|{"lastUpdate":"1672733079"}
2023-01-03T13:35:39+0530 : 2|Pimcore\Bundle\AdminBundle\Controller\Admin\NotificationController::findLastUnreadAction|pimcore_admin_notification_findlastunread|[]|{"lastUpdate":"1672733109"}
2023-01-03T13:36:09+0530 : 2|Pimcore\Bundle\AdminBundle\Controller\Admin\NotificationController::findLastUnreadAction|pimcore_admin_notification_findlastunread|[]|{"lastUpdate":"1672733139"}
2023-01-03T13:36:39+0530 : 2|Pimcore\Bundle\AdminBundle\Controller\Admin\NotificationController::findLastUnreadAction|pimcore_admin_notification_findlastunread|[]|{"lastUpdate":"1672733169"}
2023-01-03T13:37:09+0530 : 2|Pimcore\Bundle\AdminBundle\Controller\Admin\NotificationController::findLastUnreadAction|pimcore_admin_notification_findlastunread|[]|{"lastUpdate":"1672733199"}
2023-01-03T13:37:39+0530 : 2|Pimcore\Bundle\AdminBundle\Controller\Admin\NotificationController::findLastUnreadAction|pimcore_admin_notification_findlastunread|[]|{"lastUpdate":"1672733229"}
2023-01-03T14:23:20+0530 : 2|Pimcore\Bundle\AdminBundle\Controller\Admin\NotificationController::findLastUnreadAction|pimcore_admin_notification_findlastunread|[]|{"lastUpdate":"1672733259"}
2023-01-03T14:23:50+0530 : 2|Pimcore\Bundle\AdminBundle\Controller\Admin\NotificationController::findLastUnreadAction|pimcore_admin_notification_findlastunread|[]|{"lastUpdate":"1672736000"}
2023-01-03T14:24:20+0530 : 2|Pimcore\Bundle\AdminBundle\Controller\Admin\NotificationController::findLastUnreadAction|pimcore_admin_notification_findlastunread|[]|{"lastUpdate":"1672736030"}
2023-01-03T14:24:50+0530 : 2|Pimcore\Bundle\AdminBundle\Controller\Admin\NotificationController::findLastUnreadAction|pimcore_admin_notification_findlastunread|[]|{"lastUpdate":"1672736060"}
2023-01-03T14:25:20+0530 : 2|Pimcore\Bundle\AdminBundle\Controller\Admin\NotificationController::findLastUnreadAction|pimcore_admin_notification_findlastunread|[]|{"lastUpdate":"1672736090"}
2023-01-03T14:25:49+0530 : 2|Pimcore\Bundle\AdminBundle\Controller\Admin\MiscController::pingAction|pimcore_admin_misc_ping|[]|[]
2023-01-03T14:25:50+0530 : 2|Pimcore\Bundle\AdminBundle\Controller\Admin\NotificationController::findLastUnreadAction|pimcore_admin_notification_findlastunread|[]|{"lastUpdate":"1672736120"}
2023-01-03T14:26:20+0530 : 2|Pimcore\Bundle\AdminBundle\Controller\Admin\NotificationController::findLastUnreadAction|pimcore_admin_notification_findlastunread|[]|{"lastUpdate":"1672736150"}
2023-01-03T14:26:50+0530 : 2|Pimcore\Bundle\AdminBundle\Controller\Admin\NotificationController::findLastUnreadAction|pimcore_admin_notification_findlastunread|[]|{"lastUpdate":"1672736180"}
2023-01-03T14:27:20+0530 : 2|Pimcore\Bundle\AdminBundle\Controller\Admin\NotificationController::findLastUnreadAction|pimcore_admin_notification_findlastunread|[]|{"lastUpdate":"1672736210"}
2023-01-03T14:27:51+0530 : 2|Pimcore\Bundle\AdminBundle\Controller\Admin\NotificationController::findLastUnreadAction|pimcore_admin_notification_findlastunread|[]|{"lastUpdate":"1672736240"}
2023-01-03T14:28:21+0530 : 2|Pimcore\Bundle\AdminBundle\Controller\Admin\NotificationController::findLastUnreadAction|pimcore_admin_notification_findlastunread|[]|{"lastUpdate":"1672736271"}
2023-01-03T14:28:51+0530 : 2|Pimcore\Bundle\AdminBundle\Controller\Admin\NotificationController::findLastUnreadAction|pimcore_admin_notification_findlastunread|[]|{"lastUpdate":"1672736301"}
2023-01-03T14:29:21+0530 : 2|Pimcore\Bundle\AdminBundle\Controller\Admin\NotificationController::findLastUnreadAction|pimcore_admin_notification_findlastunread|[]|{"lastUpdate":"1672736331"}
2023-01-03T14:29:51+0530 : 2|Pimcore\Bundle\AdminBundle\Controller\Admin\NotificationController::findLastUnreadAction|pimcore_admin_notification_findlastunread|[]|{"lastUpdate":"1672736361"}
2023-01-03T14:30:21+0530 : 2|Pimcore\Bundle\AdminBundle\Controller\Admin\NotificationController::findLastUnreadAction|pimcore_admin_notification_findlastunread|[]|{"lastUpdate":"1672736391"}
2023-01-03T14:30:51+0530 : 2|Pimcore\Bundle\AdminBundle\Controller\Admin\NotificationController::findLastUnreadAction|pimcore_admin_notification_findlastunread|[]|{"lastUpdate":"1672736421"}
2023-01-03T14:31:21+0530 : 2|Pimcore\Bundle\AdminBundle\Controller\Admin\NotificationController::findLastUnreadAction|pimcore_admin_notification_findlastunread|[]|{"lastUpdate":"1672736451"}
2023-01-03T14:31:51+0530 : 2|Pimcore\Bundle\AdminBundle\Controller\Admin\NotificationController::findLastUnreadAction|pimcore_admin_notification_findlastunread|[]|{"lastUpdate":"1672736481"}
2023-01-03T14:32:21+0530 : 2|Pimcore\Bundle\AdminBundle\Controller\Admin\NotificationController::findLastUnreadAction|pimcore_admin_notification_findlastunread|[]|{"lastUpdate":"1672736511"}
2023-01-03T14:32:51+0530 : 2|Pimcore\Bundle\AdminBundle\Controller\Admin\NotificationController::findLastUnreadAction|pimcore_admin_notification_findlastunread|[]|{"lastUpdate":"1672736541"}
2023-01-03T14:33:21+0530 : 2|Pimcore\Bundle\AdminBundle\Controller\Admin\NotificationController::findLastUnreadAction|pimcore_admin_notification_findlastunread|[]|{"lastUpdate":"1672736571"}
2023-01-03T14:33:51+0530 : 2|Pimcore\Bundle\AdminBundle\Controller\Admin\NotificationController::findLastUnreadAction|pimcore_admin_notification_findlastunread|[]|{"lastUpdate":"1672736601"}
2023-01-03T14:48:50+0530 : 2|Pimcore\Bundle\AdminBundle\Controller\Admin\MiscController::pingAction|pimcore_admin_misc_ping|[]|[]
2023-01-03T14:55:28+0530 : 0|Pimcore\Bundle\AdminBundle\Controller\Admin\LoginController::loginAction|pimcore_admin_login|[]|{"perspective":""}
2023-01-03T14:55:28+0530 : 0|Pimcore\Bundle\AdminBundle\Controller\Admin\SettingsController::displayCustomLogoAction|pimcore_settings_display_custom_logo|[]|{"white":"true"}
2023-01-03T14:55:32+0530 : 2|Pimcore\Bundle\AdminBundle\Controller\Admin\IndexController::indexAction|pimcore_admin_index|[]|{"perspective":""}
2023-01-03T14:55:32+0530 : 2|Pimcore\Bundle\AdminBundle\Controller\Admin\MiscController::adminCssAction|pimcore_admin_misc_admincss|[]|[]
2023-01-03T14:55:32+0530 : 2|Pimcore\Bundle\AdminBundle\Controller\Admin\MiscController::jsonTranslationsSystemAction|pimcore_admin_misc_jsontranslationssystem|[]|{"language":"en"}
2023-01-03T14:55:33+0530 : 2|Pimcore\Bundle\AdminBundle\Controller\Admin\UserController::getCurrentUserAction|pimcore_admin_user_getcurrentuser|[]|[]
2023-01-03T14:55:33+0530 : 2|Pimcore\Bundle\AdminBundle\Controller\Admin\MiscController::availableLanguagesAction|pimcore_admin_misc_availablelanguages|[]|[]
2023-01-03T14:55:33+0530 : 2|Pimcore\Bundle\AdminBundle\Controller\Admin\MiscController::scriptProxyAction|pimcore_admin_misc_scriptproxy|[]|{"storageFile":"minified_javascript_core_44ec3947584d507..."}
2023-01-03T14:55:33+0530 : 2|Pimcore\Bundle\AdminBundle\Controller\Admin\MiscController::scriptProxyAction|pimcore_admin_misc_scriptproxy|[]|{"storageFile":"minified_javascript_core_d41d8cd98f00b20..."}
2023-01-03T14:55:33+0530 : 2|Pimcore\Bundle\AdminBundle\Controller\Admin\UserController::getImageAction|pimcore_admin_user_getimage|[]|[]
2023-01-03T14:55:33+0530 : 2|Pimcore\Bundle\AdminBundle\Controller\Admin\SettingsController::displayCustomLogoAction|pimcore_settings_display_custom_logo|[]|[]
2023-01-03T14:55:33+0530 : 2|Pimcore\Bundle\AdminBundle\Controller\Admin\Document\DocumentController::treeGetRootAction|pimcore_admin_document_document_treegetroot|[]|{"id":"1","view":"","elementType":"document"}
2023-01-03T14:55:33+0530 : 2|Pimcore\Bundle\AdminBundle\Controller\Admin\DataObject\DataObjectController::treeGetRootAction|pimcore_admin_dataobject_dataobject_treegetroot|[]|{"id":"","view":"","elementType":"object"}
2023-01-03T14:55:33+0530 : 2|Pimcore\Bundle\AdminBundle\Controller\Admin\Asset\AssetController::treeGetRootAction|pimcore_admin_asset_treegetroot|[]|{"id":"1","view":"","elementType":"asset"}
2023-01-03T14:55:33+0530 : 2|Pimcore\Bundle\AdminBundle\Controller\Admin\PortalController::dashboardListAction|pimcore_admin_portal_dashboardlist|[]|[]
2023-01-03T14:55:33+0530 : 2|Pimcore\Bundle\AdminBundle\Controller\Admin\NotificationController::findLastUnreadAction|pimcore_admin_notification_findlastunread|[]|{"lastUpdate":"1672737933"}
2023-01-03T14:55:33+0530 : 2|Pimcore\Bundle\AdminBundle\Controller\Admin\DataObject\ClassController::getTreeAction|pimcore_admin_dataobject_class_gettree|[]|{"createAllowed":"true","page":"1","start":"0","limit":"25"}
2023-01-03T14:55:33+0530 : 2|Pimcore\Bundle\AdminBundle\Controller\Admin\Document\DocumentController::docTypesGetAction|pimcore_admin_document_document_doctypesget|[]|{"xaction":"read","page":"1","start":"0","limit":"25"}
2023-01-03T14:55:33+0530 : 2|Pimcore\Bundle\AdminBundle\Controller\Admin\DataObject\ClassController::getTreeAction|pimcore_admin_dataobject_class_gettree|[]|{"page":"1","start":"0","limit":"25"}
2023-01-03T14:55:33+0530 : 2|Pimcore\Bundle\AdminBundle\Controller\Admin\SettingsController::getAvailableSitesAction|pimcore_admin_settings_getavailablesites|[]|{"page":"1","start":"0","limit":"25"}
2023-01-03T14:55:33+0530 : 2|Pimcore\Bundle\AdminBundle\Controller\Admin\SettingsController::getAvailableAdminLanguagesAction|pimcore_admin_settings_getavailableadminlanguages|[]|{"page":"1","start":"0","limit":"25"}
2023-01-03T14:55:33+0530 : 2|Pimcore\Bundle\AdminBundle\Controller\Admin\TargetingController::targetGroupListAction|pimcore_admin_targeting_targetgrouplist|[]|{"page":"1","start":"0","limit":"25"}
2023-01-03T14:55:33+0530 : 2|Pimcore\Bundle\AdminBundle\Controller\Admin\DataObject\DataObjectController::treeGetChildsByIdAction|pimcore_admin_dataobject_dataobject_treegetchildsbyid|[]|{"limit":"30","view":"","page":"1","start":"0","node":"1"}
2023-01-03T14:55:33+0530 : 2|Pimcore\Bundle\AdminBundle\Controller\Reports\CustomReportController::getReportConfigAction|pimcore_admin_reports_customreport_getreportconfig|[]|[]
2023-01-03T14:55:39+0530 : 2|Pimcore\Bundle\AdminBundle\Controller\Admin\IndexController::statisticsAction|pimcore_admin_index_statistics|[]|[]
2023-01-03T14:55:45+0530 : 2|Pimcore\Bundle\AdminBundle\Controller\Admin\DataObject\DataObjectController::getAction|pimcore_admin_dataobject_dataobject_get|[]|{"id":"2"}
2023-01-03T14:56:03+0530 : 2|Pimcore\Bundle\AdminBundle\Controller\Admin\TranslationController::addAdminTranslationKeysAction|pimcore_admin_translation_addadmintranslationkeys|[]|{"keys":"[\"Name\"]"}
2023-01-03T14:56:03+0530 : 2|Pimcore\Bundle\AdminBundle\Controller\Admin\NotificationController::findLastUnreadAction|pimcore_admin_notification_findlastunread|[]|{"lastUpdate":"1672737933"}
2023-01-03T14:56:33+0530 : 2|Pimcore\Bundle\AdminBundle\Controller\Admin\NotificationController::findLastUnreadAction|pimcore_admin_notification_findlastunread|[]|{"lastUpdate":"1672737963"}
2023-01-03T14:57:03+0530 : 2|Pimcore\Bundle\AdminBundle\Controller\Admin\NotificationController::findLastUnreadAction|pimcore_admin_notification_findlastunread|[]|{"lastUpdate":"1672737993"}
2023-01-03T15:11:50+0530 : 2|Pimcore\Bundle\AdminBundle\Controller\Admin\MiscController::pingAction|pimcore_admin_misc_ping|[]|[]
2023-01-03T15:18:33+0530 : 2|Pimcore\Bundle\AdminBundle\Controller\Admin\MiscController::pingAction|pimcore_admin_misc_ping|[]|[]
2023-01-03T15:34:51+0530 : 2|Pimcore\Bundle\AdminBundle\Controller\Admin\MiscController::pingAction|pimcore_admin_misc_ping|[]|[]
2023-01-03T15:41:33+0530 : 2|Pimcore\Bundle\AdminBundle\Controller\Admin\MiscController::pingAction|pimcore_admin_misc_ping|[]|[]
2023-01-03T16:17:24+0530 : 0|Pimcore\Bundle\AdminBundle\Controller\Admin\LoginController::loginAction|pimcore_admin_login|[]|{"session_expired":"true","server_error":"true"}
2023-01-03T16:17:24+0530 : 0|Pimcore\Bundle\AdminBundle\Controller\Admin\SettingsController::displayCustomLogoAction|pimcore_settings_display_custom_logo|[]|{"white":"true"}
2023-01-03T16:24:06+0530 : 0|Pimcore\Bundle\AdminBundle\Controller\Admin\LoginController::loginAction|pimcore_admin_login|[]|{"session_expired":"true","server_error":"true"}
2023-01-03T16:24:06+0530 : 0|Pimcore\Bundle\AdminBundle\Controller\Admin\SettingsController::displayCustomLogoAction|pimcore_settings_display_custom_logo|[]|{"white":"true"}
2023-01-03T16:40:24+0530 : 0|Pimcore\Bundle\AdminBundle\Controller\Admin\LoginController::csrfTokenAction|pimcore_admin_login_csrf_token|[]|[]
2023-01-03T16:47:07+0530 : 0|Pimcore\Bundle\AdminBundle\Controller\Admin\LoginController::csrfTokenAction|pimcore_admin_login_csrf_token|[]|[]
2023-01-03T17:03:24+0530 : 0|Pimcore\Bundle\AdminBundle\Controller\Admin\LoginController::csrfTokenAction|pimcore_admin_login_csrf_token|[]|[]
2023-01-03T17:10:07+0530 : 0|Pimcore\Bundle\AdminBundle\Controller\Admin\LoginController::csrfTokenAction|pimcore_admin_login_csrf_token|[]|[]
2023-01-03T22:31:16+0530 : 0|Pimcore\Bundle\AdminBundle\Controller\Admin\LoginController::csrfTokenAction|pimcore_admin_login_csrf_token|[]|[]
2023-01-03T22:38:00+0530 : 0|Pimcore\Bundle\AdminBundle\Controller\Admin\LoginController::csrfTokenAction|pimcore_admin_login_csrf_token|[]|[]
2023-01-03T22:54:17+0530 : 0|Pimcore\Bundle\AdminBundle\Controller\Admin\LoginController::csrfTokenAction|pimcore_admin_login_csrf_token|[]|[]
2023-01-03T23:01:00+0530 : 0|Pimcore\Bundle\AdminBundle\Controller\Admin\LoginController::csrfTokenAction|pimcore_admin_login_csrf_token|[]|[]
2023-01-03T23:17:17+0530 : 0|Pimcore\Bundle\AdminBundle\Controller\Admin\LoginController::csrfTokenAction|pimcore_admin_login_csrf_token|[]|[]
2023-01-03T23:24:00+0530 : 0|Pimcore\Bundle\AdminBundle\Controller\Admin\LoginController::csrfTokenAction|pimcore_admin_login_csrf_token|[]|[]
2023-01-03T23:40:17+0530 : 0|Pimcore\Bundle\AdminBundle\Controller\Admin\LoginController::csrfTokenAction|pimcore_admin_login_csrf_token|[]|[]
2023-01-03T23:47:00+0530 : 0|Pimcore\Bundle\AdminBundle\Controller\Admin\LoginController::csrfTokenAction|pimcore_admin_login_csrf_token|[]|[]
2023-01-04T11:08:24+0530 : 0|Pimcore\Bundle\AdminBundle\Controller\Admin\LoginController::csrfTokenAction|pimcore_admin_login_csrf_token|[]|[]
2023-01-04T11:15:07+0530 : 0|Pimcore\Bundle\AdminBundle\Controller\Admin\LoginController::csrfTokenAction|pimcore_admin_login_csrf_token|[]|[]
2023-01-04T11:31:25+0530 : 0|Pimcore\Bundle\AdminBundle\Controller\Admin\LoginController::csrfTokenAction|pimcore_admin_login_csrf_token|[]|[]
2023-01-04T11:38:08+0530 : 0|Pimcore\Bundle\AdminBundle\Controller\Admin\LoginController::csrfTokenAction|pimcore_admin_login_csrf_token|[]|[]
2023-01-04T11:54:25+0530 : 0|Pimcore\Bundle\AdminBundle\Controller\Admin\LoginController::csrfTokenAction|pimcore_admin_login_csrf_token|[]|[]
2023-01-04T12:01:08+0530 : 0|Pimcore\Bundle\AdminBundle\Controller\Admin\LoginController::csrfTokenAction|pimcore_admin_login_csrf_token|[]|[]
2023-01-04T12:17:25+0530 : 0|Pimcore\Bundle\AdminBundle\Controller\Admin\LoginController::csrfTokenAction|pimcore_admin_login_csrf_token|[]|[]
2023-01-04T12:24:08+0530 : 0|Pimcore\Bundle\AdminBundle\Controller\Admin\LoginController::csrfTokenAction|pimcore_admin_login_csrf_token|[]|[]
2023-01-04T12:40:25+0530 : 0|Pimcore\Bundle\AdminBundle\Controller\Admin\LoginController::csrfTokenAction|pimcore_admin_login_csrf_token|[]|[]
2023-01-04T12:47:08+0530 : 0|Pimcore\Bundle\AdminBundle\Controller\Admin\LoginController::csrfTokenAction|pimcore_admin_login_csrf_token|[]|[]
2023-01-04T13:07:25+0530 : 0|Pimcore\Bundle\AdminBundle\Controller\Admin\LoginController::csrfTokenAction|pimcore_admin_login_csrf_token|[]|[]
2023-01-04T13:14:08+0530 : 0|Pimcore\Bundle\AdminBundle\Controller\Admin\LoginController::csrfTokenAction|pimcore_admin_login_csrf_token|[]|[]
2023-01-04T14:37:47+0530 : 0|Pimcore\Bundle\AdminBundle\Controller\Admin\LoginController::csrfTokenAction|pimcore_admin_login_csrf_token|[]|[]
2023-01-04T14:44:30+0530 : 0|Pimcore\Bundle\AdminBundle\Controller\Admin\LoginController::csrfTokenAction|pimcore_admin_login_csrf_token|[]|[]
2023-01-04T15:00:47+0530 : 0|Pimcore\Bundle\AdminBundle\Controller\Admin\LoginController::csrfTokenAction|pimcore_admin_login_csrf_token|[]|[]
2023-01-04T15:07:30+0530 : 0|Pimcore\Bundle\AdminBundle\Controller\Admin\LoginController::csrfTokenAction|pimcore_admin_login_csrf_token|[]|[]
2023-01-04T15:23:48+0530 : 0|Pimcore\Bundle\AdminBundle\Controller\Admin\LoginController::csrfTokenAction|pimcore_admin_login_csrf_token|[]|[]
2023-01-04T15:30:31+0530 : 0|Pimcore\Bundle\AdminBundle\Controller\Admin\LoginController::csrfTokenAction|pimcore_admin_login_csrf_token|[]|[]
2023-01-04T15:46:48+0530 : 0|Pimcore\Bundle\AdminBundle\Controller\Admin\LoginController::csrfTokenAction|pimcore_admin_login_csrf_token|[]|[]
2023-01-04T15:53:31+0530 : 0|Pimcore\Bundle\AdminBundle\Controller\Admin\LoginController::csrfTokenAction|pimcore_admin_login_csrf_token|[]|[]
2023-01-04T16:09:48+0530 : 0|Pimcore\Bundle\AdminBundle\Controller\Admin\LoginController::csrfTokenAction|pimcore_admin_login_csrf_token|[]|[]
2023-01-04T16:16:31+0530 : 0|Pimcore\Bundle\AdminBundle\Controller\Admin\LoginController::csrfTokenAction|pimcore_admin_login_csrf_token|[]|[]
2023-01-04T16:32:48+0530 : 0|Pimcore\Bundle\AdminBundle\Controller\Admin\LoginController::csrfTokenAction|pimcore_admin_login_csrf_token|[]|[]
2023-01-04T16:39:31+0530 : 0|Pimcore\Bundle\AdminBundle\Controller\Admin\LoginController::csrfTokenAction|pimcore_admin_login_csrf_token|[]|[]
2023-01-04T16:54:13+0530 : 0|Pimcore\Bundle\AdminBundle\Controller\Admin\LoginController::csrfTokenAction|pimcore_admin_login_csrf_token|[]|[]
2023-01-04T16:54:23+0530 : 2|Pimcore\Bundle\AdminBundle\Controller\Admin\IndexController::indexAction|pimcore_admin_index|[]|{"perspective":""}
2023-01-04T16:54:23+0530 : 2|Pimcore\Bundle\AdminBundle\Controller\Admin\MiscController::adminCssAction|pimcore_admin_misc_admincss|[]|[]
2023-01-04T16:54:23+0530 : 2|Pimcore\Bundle\AdminBundle\Controller\Admin\UserController::getCurrentUserAction|pimcore_admin_user_getcurrentuser|[]|[]
2023-01-04T16:54:23+0530 : 2|Pimcore\Bundle\AdminBundle\Controller\Admin\MiscController::availableLanguagesAction|pimcore_admin_misc_availablelanguages|[]|[]
2023-01-04T16:54:23+0530 : 2|Pimcore\Bundle\AdminBundle\Controller\Admin\MiscController::scriptProxyAction|pimcore_admin_misc_scriptproxy|[]|{"storageFile":"minified_javascript_core_d41d8cd98f00b20..."}
2023-01-04T16:54:23+0530 : 2|Pimcore\Bundle\AdminBundle\Controller\Admin\MiscController::jsonTranslationsSystemAction|pimcore_admin_misc_jsontranslationssystem|[]|{"language":"en"}
2023-01-04T16:54:23+0530 : 2|Pimcore\Bundle\AdminBundle\Controller\Admin\MiscController::scriptProxyAction|pimcore_admin_misc_scriptproxy|[]|{"storageFile":"minified_javascript_core_44ec3947584d507..."}
2023-01-04T16:54:23+0530 : 2|Pimcore\Bundle\AdminBundle\Controller\Admin\UserController::getImageAction|pimcore_admin_user_getimage|[]|[]
2023-01-04T16:54:24+0530 : 2|Pimcore\Bundle\AdminBundle\Controller\Admin\MiscController::scriptProxyAction|pimcore_admin_misc_scriptproxy|[]|{"storageFile":"minified_javascript_core_d41d8cd98f00b20..."}
2023-01-04T16:54:24+0530 : 2|Pimcore\Bundle\AdminBundle\Controller\Admin\SettingsController::displayCustomLogoAction|pimcore_settings_display_custom_logo|[]|[]
2023-01-04T16:54:24+0530 : 2|Pimcore\Bundle\AdminBundle\Controller\Admin\Document\DocumentController::treeGetRootAction|pimcore_admin_document_document_treegetroot|[]|{"id":"1","view":"","elementType":"document"}
2023-01-04T16:54:24+0530 : 2|Pimcore\Bundle\AdminBundle\Controller\Admin\DataObject\DataObjectController::treeGetRootAction|pimcore_admin_dataobject_dataobject_treegetroot|[]|{"id":"","view":"","elementType":"object"}
2023-01-04T16:54:24+0530 : 2|Pimcore\Bundle\AdminBundle\Controller\Admin\PortalController::dashboardListAction|pimcore_admin_portal_dashboardlist|[]|[]
2023-01-04T16:54:24+0530 : 2|Pimcore\Bundle\AdminBundle\Controller\Admin\Asset\AssetController::treeGetRootAction|pimcore_admin_asset_treegetroot|[]|{"id":"1","view":"","elementType":"asset"}
2023-01-04T16:54:24+0530 : 2|Pimcore\Bundle\AdminBundle\Controller\Admin\NotificationController::findLastUnreadAction|pimcore_admin_notification_findlastunread|[]|{"lastUpdate":"1672831464"}
2023-01-04T16:54:24+0530 : 2|Pimcore\Bundle\AdminBundle\Controller\Admin\DataObject\DataObjectController::treeGetChildsByIdAction|pimcore_admin_dataobject_dataobject_treegetchildsbyid|[]|{"limit":"30","view":"","page":"1","start":"0","node":"1"}
2023-01-04T16:54:24+0530 : 2|Pimcore\Bundle\AdminBundle\Controller\Reports\CustomReportController::getReportConfigAction|pimcore_admin_reports_customreport_getreportconfig|[]|[]
2023-01-04T16:54:24+0530 : 2|Pimcore\Bundle\AdminBundle\Controller\Admin\Document\DocumentController::docTypesGetAction|pimcore_admin_document_document_doctypesget|[]|{"xaction":"read","page":"1","start":"0","limit":"25"}
2023-01-04T16:54:24+0530 : 2|Pimcore\Bundle\AdminBundle\Controller\Admin\DataObject\ClassController::getTreeAction|pimcore_admin_dataobject_class_gettree|[]|{"page":"1","start":"0","limit":"25"}
2023-01-04T16:54:24+0530 : 2|Pimcore\Bundle\AdminBundle\Controller\Admin\SettingsController::getAvailableSitesAction|pimcore_admin_settings_getavailablesites|[]|{"page":"1","start":"0","limit":"25"}
2023-01-04T16:54:24+0530 : 2|Pimcore\Bundle\AdminBundle\Controller\Admin\SettingsController::getAvailableAdminLanguagesAction|pimcore_admin_settings_getavailableadminlanguages|[]|{"page":"1","start":"0","limit":"25"}
2023-01-04T16:54:24+0530 : 2|Pimcore\Bundle\AdminBundle\Controller\Admin\DataObject\ClassController::getTreeAction|pimcore_admin_dataobject_class_gettree|[]|{"createAllowed":"true","page":"1","start":"0","limit":"25"}
2023-01-04T16:54:24+0530 : 2|Pimcore\Bundle\AdminBundle\Controller\Admin\TargetingController::targetGroupListAction|pimcore_admin_targeting_targetgrouplist|[]|{"page":"1","start":"0","limit":"25"}
2023-01-04T16:54:30+0530 : 2|Pimcore\Bundle\AdminBundle\Controller\Admin\IndexController::statisticsAction|pimcore_admin_index_statistics|[]|[]
2023-01-04T17:00:20+0530 : 2|Pimcore\Bundle\AdminBundle\Controller\Admin\IndexController::indexAction|pimcore_admin_index|[]|{"perspective":""}
2023-01-04T17:00:20+0530 : 2|Pimcore\Bundle\AdminBundle\Controller\Admin\MiscController::jsonTranslationsSystemAction|pimcore_admin_misc_jsontranslationssystem|[]|{"language":"en"}
2023-01-04T17:00:20+0530 : 2|Pimcore\Bundle\AdminBundle\Controller\Admin\UserController::getCurrentUserAction|pimcore_admin_user_getcurrentuser|[]|[]
2023-01-04T17:00:20+0530 : 2|Pimcore\Bundle\AdminBundle\Controller\Admin\MiscController::availableLanguagesAction|pimcore_admin_misc_availablelanguages|[]|[]
2023-01-04T17:00:20+0530 : 2|Pimcore\Bundle\AdminBundle\Controller\Admin\MiscController::scriptProxyAction|pimcore_admin_misc_scriptproxy|[]|{"storageFile":"minified_javascript_core_d41d8cd98f00b20..."}
2023-01-04T17:00:20+0530 : 2|Pimcore\Bundle\AdminBundle\Controller\Admin\MiscController::scriptProxyAction|pimcore_admin_misc_scriptproxy|[]|{"storageFile":"minified_javascript_core_44ec3947584d507..."}
2023-01-04T17:00:20+0530 : 2|Pimcore\Bundle\AdminBundle\Controller\Admin\MiscController::adminCssAction|pimcore_admin_misc_admincss|[]|[]
2023-01-04T17:00:20+0530 : 2|Pimcore\Bundle\AdminBundle\Controller\Admin\UserController::getImageAction|pimcore_admin_user_getimage|[]|[]
2023-01-04T17:00:21+0530 : 2|Pimcore\Bundle\AdminBundle\Controller\Admin\MiscController::scriptProxyAction|pimcore_admin_misc_scriptproxy|[]|{"storageFile":"minified_javascript_core_d41d8cd98f00b20..."}
2023-01-04T17:00:21+0530 : 2|Pimcore\Bundle\AdminBundle\Controller\Admin\SettingsController::displayCustomLogoAction|pimcore_settings_display_custom_logo|[]|[]
2023-01-04T17:00:21+0530 : 2|Pimcore\Bundle\AdminBundle\Controller\Admin\Document\DocumentController::treeGetRootAction|pimcore_admin_document_document_treegetroot|[]|{"id":"1","view":"","elementType":"document"}
2023-01-04T17:00:21+0530 : 2|Pimcore\Bundle\AdminBundle\Controller\Admin\Asset\AssetController::treeGetRootAction|pimcore_admin_asset_treegetroot|[]|{"id":"1","view":"","elementType":"asset"}
2023-01-04T17:00:21+0530 : 2|Pimcore\Bundle\AdminBundle\Controller\Admin\DataObject\DataObjectController::treeGetRootAction|pimcore_admin_dataobject_dataobject_treegetroot|[]|{"id":"","view":"","elementType":"object"}
2023-01-04T17:00:21+0530 : 2|Pimcore\Bundle\AdminBundle\Controller\Admin\PortalController::dashboardListAction|pimcore_admin_portal_dashboardlist|[]|[]
2023-01-04T17:00:21+0530 : 2|Pimcore\Bundle\AdminBundle\Controller\Admin\NotificationController::findLastUnreadAction|pimcore_admin_notification_findlastunread|[]|{"lastUpdate":"1672831820"}
2023-01-04T17:00:21+0530 : 2|Pimcore\Bundle\AdminBundle\Controller\Admin\DataObject\DataObjectController::treeGetChildsByIdAction|pimcore_admin_dataobject_dataobject_treegetchildsbyid|[]|{"limit":"30","view":"","page":"1","start":"0","node":"1"}
2023-01-04T17:00:21+0530 : 2|Pimcore\Bundle\AdminBundle\Controller\Reports\CustomReportController::getReportConfigAction|pimcore_admin_reports_customreport_getreportconfig|[]|[]
2023-01-04T17:00:21+0530 : 2|Pimcore\Bundle\AdminBundle\Controller\Admin\DataObject\ClassController::getTreeAction|pimcore_admin_dataobject_class_gettree|[]|{"page":"1","start":"0","limit":"25"}
2023-01-04T17:00:21+0530 : 2|Pimcore\Bundle\AdminBundle\Controller\Admin\Document\DocumentController::docTypesGetAction|pimcore_admin_document_document_doctypesget|[]|{"xaction":"read","page":"1","start":"0","limit":"25"}
2023-01-04T17:00:21+0530 : 2|Pimcore\Bundle\AdminBundle\Controller\Admin\DataObject\ClassController::getTreeAction|pimcore_admin_dataobject_class_gettree|[]|{"createAllowed":"true","page":"1","start":"0","limit":"25"}
2023-01-04T17:00:21+0530 : 2|Pimcore\Bundle\AdminBundle\Controller\Admin\SettingsController::getAvailableAdminLanguagesAction|pimcore_admin_settings_getavailableadminlanguages|[]|{"page":"1","start":"0","limit":"25"}
2023-01-04T17:00:21+0530 : 2|Pimcore\Bundle\AdminBundle\Controller\Admin\SettingsController::getAvailableSitesAction|pimcore_admin_settings_getavailablesites|[]|{"page":"1","start":"0","limit":"25"}
2023-01-04T17:00:21+0530 : 2|Pimcore\Bundle\AdminBundle\Controller\Admin\TargetingController::targetGroupListAction|pimcore_admin_targeting_targetgrouplist|[]|{"page":"1","start":"0","limit":"25"}
2023-01-04T17:00:25+0530 : 2|Pimcore\Bundle\AdminBundle\Controller\Admin\DataObject\DataObjectController::getAction|pimcore_admin_dataobject_dataobject_get|[]|{"id":"2"}
2023-01-04T17:00:27+0530 : 2|Pimcore\Bundle\AdminBundle\Controller\Admin\IndexController::statisticsAction|pimcore_admin_index_statistics|[]|[]
2023-01-04T17:00:33+0530 : 2|Pimcore\Bundle\AdminBundle\Controller\Admin\DataObject\ClassController::getTreeAction|pimcore_admin_dataobject_class_gettree|[]|{"grouped":"1","withId":"1","node":"0"}
2023-01-04T17:00:51+0530 : 2|Pimcore\Bundle\AdminBundle\Controller\Admin\NotificationController::findLastUnreadAction|pimcore_admin_notification_findlastunread|[]|{"lastUpdate":"1672831821"}
2023-01-04T17:00:53+0530 : 0|Pimcore\Bundle\AdminBundle\Controller\Admin\LoginController::loginAction|pimcore_admin_login|[]|{"perspective":""}
2023-01-04T17:00:53+0530 : 0|Pimcore\Bundle\AdminBundle\Controller\Admin\LoginController::loginAction|pimcore_admin_login|[]|{"perspective":""}
2023-01-04T17:00:53+0530 : 0|Pimcore\Bundle\AdminBundle\Controller\Admin\LoginController::loginAction|pimcore_admin_login|[]|{"perspective":""}
2023-01-04T17:00:53+0530 : 0|Pimcore\Bundle\AdminBundle\Controller\Admin\LoginController::loginAction|pimcore_admin_login|[]|{"perspective":""}
2023-01-04T17:01:14+0530 : 2|Pimcore\Bundle\AdminBundle\Controller\Admin\DataObject\ClassController::suggestClassIdentifierAction|pimcore_admin_dataobject_class_suggestclassidentifier|[]|[]
2023-01-04T17:01:18+0530 : 2|Pimcore\Bundle\AdminBundle\Controller\Admin\DataObject\ClassController::addAction|pimcore_admin_dataobject_class_add|[]|{"className":"test2","classIdentifier":"2"}
2023-01-04T17:01:19+0530 : 2|Pimcore\Bundle\AdminBundle\Controller\Admin\DataObject\ClassController::getTreeAction|pimcore_admin_dataobject_class_gettree|[]|{"page":"1","start":"0","limit":"25"}
2023-01-04T17:01:19+0530 : 2|Pimcore\Bundle\AdminBundle\Controller\Admin\DataObject\ClassController::getTreeAction|pimcore_admin_dataobject_class_gettree|[]|{"grouped":"1","withId":"1","node":"0"}
2023-01-04T17:01:19+0530 : 2|Pimcore\Bundle\AdminBundle\Controller\Admin\DataObject\ClassController::getAction|pimcore_admin_dataobject_class_get|[]|{"id":"2"}
2023-01-04T17:01:19+0530 : 2|Pimcore\Bundle\AdminBundle\Controller\Admin\DataObject\ClassController::getTreeAction|pimcore_admin_dataobject_class_gettree|[]|{"createAllowed":"true","page":"1","start":"0","limit":"25"}
2023-01-04T17:01:19+0530 : 2|Pimcore\Bundle\AdminBundle\Controller\Admin\DataObject\ClassController::getBrickUsagesAction|pimcore_admin_dataobject_class_getbrickusages|[]|{"classId":"2","page":"1","start":"0","limit":"25"}
2023-01-04T17:01:21+0530 : 2|Pimcore\Bundle\AdminBundle\Controller\Admin\TranslationController::addAdminTranslationKeysAction|pimcore_admin_translation_addadmintranslationkeys|[]|{"keys":"[\"test2\"]"}
2023-01-04T17:01:21+0530 : 2|Pimcore\Bundle\AdminBundle\Controller\Admin\NotificationController::findLastUnreadAction|pimcore_admin_notification_findlastunread|[]|{"lastUpdate":"1672831851"}
2023-01-04T17:01:51+0530 : 2|Pimcore\Bundle\AdminBundle\Controller\Admin\NotificationController::findLastUnreadAction|pimcore_admin_notification_findlastunread|[]|{"lastUpdate":"1672831881"}
2023-01-04T17:02:31+0530 : 0|Pimcore\Bundle\AdminBundle\Controller\Admin\LoginController::csrfTokenAction|pimcore_admin_login_csrf_token|[]|[]
2023-01-04T17:16:47+0530 : 0|Pimcore\Bundle\AdminBundle\Controller\Admin\LoginController::csrfTokenAction|pimcore_admin_login_csrf_token|[]|[]
2023-01-04T17:17:23+0530 : 2|Pimcore\Bundle\AdminBundle\Controller\Admin\NotificationController::findLastUnreadAction|pimcore_admin_notification_findlastunread|[]|{"lastUpdate":"1672831911"}
2023-01-04T17:17:39+0530 : 2|Pimcore\Bundle\AdminBundle\Controller\Admin\External\AdminerController::adminerAction|pimcore_admin_external_adminer_adminer|[]|[]
2023-01-04T17:17:39+0530 : 2|Pimcore\Bundle\AdminBundle\Controller\Admin\External\AdminerController::proxyAction|pimcore_admin_external_adminer_proxy_1|{"path":"static\/default.css"}|[]
2023-01-04T17:17:39+0530 : 2|Pimcore\Bundle\AdminBundle\Controller\Admin\External\AdminerController::proxyAction|pimcore_admin_external_adminer_proxy|{"path":"static\/editing.js"}|[]
2023-01-04T17:17:39+0530 : 2|Pimcore\Bundle\AdminBundle\Controller\Admin\External\AdminerController::proxyAction|pimcore_admin_external_adminer_proxy_1|{"path":"static\/functions.js"}|[]
2023-01-04T17:17:39+0530 : 2|Pimcore\Bundle\AdminBundle\Controller\Admin\External\AdminerController::proxyAction|pimcore_admin_external_adminer_proxy_2|{"type":"external","path":"jush\/jush.css"}|[]
2023-01-04T17:17:39+0530 : 2|Pimcore\Bundle\AdminBundle\Controller\Admin\External\AdminerController::adminerAction|pimcore_admin_external_adminer_adminer|[]|[]
2023-01-04T17:17:39+0530 : 2|Pimcore\Bundle\AdminBundle\Controller\Admin\External\AdminerController::adminerAction|pimcore_admin_external_adminer_adminer|[]|{"username":"","db":"main_project_database"}
2023-01-04T17:17:39+0530 : 2|Pimcore\Bundle\AdminBundle\Controller\Admin\External\AdminerController::proxyAction|pimcore_admin_external_adminer_proxy_1|{"path":"static\/functions.js"}|[]
2023-01-04T17:17:39+0530 : 2|Pimcore\Bundle\AdminBundle\Controller\Admin\External\AdminerController::proxyAction|pimcore_admin_external_adminer_proxy_1|{"path":"static\/default.css"}|[]
2023-01-04T17:17:39+0530 : 2|Pimcore\Bundle\AdminBundle\Controller\Admin\External\AdminerController::proxyAction|pimcore_admin_external_adminer_proxy|{"path":"static\/editing.js"}|[]
2023-01-04T17:17:39+0530 : 2|Pimcore\Bundle\AdminBundle\Controller\Admin\External\AdminerController::proxyAction|pimcore_admin_external_adminer_proxy_2|{"type":"external","path":"jush\/jush.css"}|[]
2023-01-04T17:17:39+0530 : 2|Pimcore\Bundle\AdminBundle\Controller\Admin\External\AdminerController::proxyAction|pimcore_admin_external_adminer_proxy_2|{"type":"external","path":"jush\/modules\/jush-textarea.js"}|[]
2023-01-04T17:17:39+0530 : 2|Pimcore\Bundle\AdminBundle\Controller\Admin\External\AdminerController::proxyAction|pimcore_admin_external_adminer_proxy_2|{"type":"external","path":"jush\/modules\/jush.js"}|[]
2023-01-04T17:17:39+0530 : 2|Pimcore\Bundle\AdminBundle\Controller\Admin\External\AdminerController::proxyAction|pimcore_admin_external_adminer_proxy_2|{"type":"external","path":"jush\/modules\/jush-txt.js"}|[]
2023-01-04T17:17:39+0530 : 2|Pimcore\Bundle\AdminBundle\Controller\Admin\External\AdminerController::proxyAction|pimcore_admin_external_adminer_proxy_2|{"type":"external","path":"jush\/modules\/jush-js.js"}|[]
2023-01-04T17:17:39+0530 : 2|Pimcore\Bundle\AdminBundle\Controller\Admin\External\AdminerController::proxyAction|pimcore_admin_external_adminer_proxy_2|{"type":"external","path":"jush\/modules\/jush-sql.js"}|[]
2023-01-04T17:17:40+0530 : 2|Pimcore\Bundle\AdminBundle\Controller\Admin\External\AdminerController::adminerAction|pimcore_admin_external_adminer_adminer|[]|{"username":"","db":"main_project_database","script":"db"}
2023-01-04T17:17:41+0530 : 2|Pimcore\Bundle\AdminBundle\Controller\Admin\External\AdminerController::adminerAction|pimcore_admin_external_adminer_adminer|[]|{"username":"","db":"main_project_database","script":"version","signature":"GiPxUGEMmriNQOjeQZec\/6XaQqiYCO7N5hML0GeG...","version":"4.8.1","token":"500872:852195"}
2023-01-04T17:17:53+0530 : 2|Pimcore\Bundle\AdminBundle\Controller\Admin\NotificationController::findLastUnreadAction|pimcore_admin_notification_findlastunread|[]|{"lastUpdate":"1672832843"}
2023-01-04T17:18:09+0530 : 2|Pimcore\Bundle\AdminBundle\Controller\Admin\External\AdminerController::adminerAction|pimcore_admin_external_adminer_adminer|[]|{"username":"","db":"main_project_database","table":"classificationstore_keys"}
2023-01-04T17:18:09+0530 : 2|Pimcore\Bundle\AdminBundle\Controller\Admin\External\AdminerController::proxyAction|pimcore_admin_external_adminer_proxy_1|{"path":"static\/default.css"}|[]
2023-01-04T17:18:09+0530 : 2|Pimcore\Bundle\AdminBundle\Controller\Admin\External\AdminerController::proxyAction|pimcore_admin_external_adminer_proxy_2|{"type":"external","path":"jush\/modules\/jush-txt.js"}|[]
2023-01-04T17:18:09+0530 : 2|Pimcore\Bundle\AdminBundle\Controller\Admin\External\AdminerController::proxyAction|pimcore_admin_external_adminer_proxy|{"path":"static\/editing.js"}|[]
2023-01-04T17:18:09+0530 : 2|Pimcore\Bundle\AdminBundle\Controller\Admin\External\AdminerController::proxyAction|pimcore_admin_external_adminer_proxy_2|{"type":"external","path":"jush\/modules\/jush-textarea.js"}|[]
2023-01-04T17:18:09+0530 : 2|Pimcore\Bundle\AdminBundle\Controller\Admin\External\AdminerController::proxyAction|pimcore_admin_external_adminer_proxy_2|{"type":"external","path":"jush\/modules\/jush.js"}|[]
2023-01-04T17:18:09+0530 : 2|Pimcore\Bundle\AdminBundle\Controller\Admin\External\AdminerController::proxyAction|pimcore_admin_external_adminer_proxy_1|{"path":"static\/functions.js"}|[]
2023-01-04T17:18:09+0530 : 2|Pimcore\Bundle\AdminBundle\Controller\Admin\External\AdminerController::proxyAction|pimcore_admin_external_adminer_proxy_2|{"type":"external","path":"jush\/modules\/jush-js.js"}|[]
2023-01-04T17:18:09+0530 : 2|Pimcore\Bundle\AdminBundle\Controller\Admin\External\AdminerController::proxyAction|pimcore_admin_external_adminer_proxy_2|{"type":"external","path":"jush\/jush.css"}|[]
2023-01-04T17:18:09+0530 : 2|Pimcore\Bundle\AdminBundle\Controller\Admin\External\AdminerController::proxyAction|pimcore_admin_external_adminer_proxy_2|{"type":"external","path":"jush\/modules\/jush-sql.js"}|[]
2023-01-04T17:18:23+0530 : 2|Pimcore\Bundle\AdminBundle\Controller\Admin\NotificationController::findLastUnreadAction|pimcore_admin_notification_findlastunread|[]|{"lastUpdate":"1672832873"}
2023-01-04T17:18:53+0530 : 2|Pimcore\Bundle\AdminBundle\Controller\Admin\NotificationController::findLastUnreadAction|pimcore_admin_notification_findlastunread|[]|{"lastUpdate":"1672832903"}
2023-01-04T17:19:23+0530 : 2|Pimcore\Bundle\AdminBundle\Controller\Admin\NotificationController::findLastUnreadAction|pimcore_admin_notification_findlastunread|[]|{"lastUpdate":"1672832933"}
2023-01-04T17:19:53+0530 : 2|Pimcore\Bundle\AdminBundle\Controller\Admin\NotificationController::findLastUnreadAction|pimcore_admin_notification_findlastunread|[]|{"lastUpdate":"1672832963"}
2023-01-04T17:20:23+0530 : 2|Pimcore\Bundle\AdminBundle\Controller\Admin\NotificationController::findLastUnreadAction|pimcore_admin_notification_findlastunread|[]|{"lastUpdate":"1672832993"}
2023-01-04T17:20:33+0530 : 2|Pimcore\Bundle\AdminBundle\Controller\Admin\External\AdminerController::adminerAction|pimcore_admin_external_adminer_adminer|[]|{"username":"","db":"main_project_database","table":"classes"}
2023-01-04T17:20:33+0530 : 2|Pimcore\Bundle\AdminBundle\Controller\Admin\External\AdminerController::proxyAction|pimcore_admin_external_adminer_proxy_1|{"path":"static\/default.css"}|[]
2023-01-04T17:20:33+0530 : 2|Pimcore\Bundle\AdminBundle\Controller\Admin\External\AdminerController::proxyAction|pimcore_admin_external_adminer_proxy_1|{"path":"static\/functions.js"}|[]
2023-01-04T17:20:33+0530 : 2|Pimcore\Bundle\AdminBundle\Controller\Admin\External\AdminerController::proxyAction|pimcore_admin_external_adminer_proxy_2|{"type":"external","path":"jush\/modules\/jush.js"}|[]
2023-01-04T17:20:33+0530 : 2|Pimcore\Bundle\AdminBundle\Controller\Admin\External\AdminerController::proxyAction|pimcore_admin_external_adminer_proxy_2|{"type":"external","path":"jush\/modules\/jush-textarea.js"}|[]
2023-01-04T17:20:33+0530 : 2|Pimcore\Bundle\AdminBundle\Controller\Admin\External\AdminerController::proxyAction|pimcore_admin_external_adminer_proxy_2|{"type":"external","path":"jush\/modules\/jush-txt.js"}|[]
2023-01-04T17:20:33+0530 : 2|Pimcore\Bundle\AdminBundle\Controller\Admin\External\AdminerController::proxyAction|pimcore_admin_external_adminer_proxy|{"path":"static\/editing.js"}|[]
2023-01-04T17:20:33+0530 : 2|Pimcore\Bundle\AdminBundle\Controller\Admin\External\AdminerController::proxyAction|pimcore_admin_external_adminer_proxy_2|{"type":"external","path":"jush\/modules\/jush-sql.js"}|[]
2023-01-04T17:20:33+0530 : 2|Pimcore\Bundle\AdminBundle\Controller\Admin\External\AdminerController::proxyAction|pimcore_admin_external_adminer_proxy_2|{"type":"external","path":"jush\/modules\/jush-js.js"}|[]
2023-01-04T17:20:33+0530 : 2|Pimcore\Bundle\AdminBundle\Controller\Admin\External\AdminerController::proxyAction|pimcore_admin_external_adminer_proxy_2|{"type":"external","path":"jush\/jush.css"}|[]
2023-01-04T17:20:53+0530 : 2|Pimcore\Bundle\AdminBundle\Controller\Admin\NotificationController::findLastUnreadAction|pimcore_admin_notification_findlastunread|[]|{"lastUpdate":"1672833023"}
2023-01-04T17:21:23+0530 : 2|Pimcore\Bundle\AdminBundle\Controller\Admin\NotificationController::findLastUnreadAction|pimcore_admin_notification_findlastunread|[]|{"lastUpdate":"1672833053"}
2023-01-04T17:25:38+0530 : 2|Pimcore\Bundle\AdminBundle\Controller\Admin\NotificationController::findLastUnreadAction|pimcore_admin_notification_findlastunread|[]|{"lastUpdate":"1672833083"}
2023-01-04T17:26:08+0530 : 2|Pimcore\Bundle\AdminBundle\Controller\Admin\NotificationController::findLastUnreadAction|pimcore_admin_notification_findlastunread|[]|{"lastUpdate":"1672833338"}
2023-01-04T17:26:38+0530 : 2|Pimcore\Bundle\AdminBundle\Controller\Admin\NotificationController::findLastUnreadAction|pimcore_admin_notification_findlastunread|[]|{"lastUpdate":"1672833368"}
2023-01-04T17:27:06+0530 : 2|Pimcore\Bundle\AdminBundle\Controller\Admin\MiscController::pingAction|pimcore_admin_misc_ping|[]|[]
2023-01-04T17:27:08+0530 : 2|Pimcore\Bundle\AdminBundle\Controller\Admin\NotificationController::findLastUnreadAction|pimcore_admin_notification_findlastunread|[]|{"lastUpdate":"1672833398"}
2023-01-04T17:27:38+0530 : 2|Pimcore\Bundle\AdminBundle\Controller\Admin\NotificationController::findLastUnreadAction|pimcore_admin_notification_findlastunread|[]|{"lastUpdate":"1672833428"}
2023-01-04T17:28:08+0530 : 2|Pimcore\Bundle\AdminBundle\Controller\Admin\NotificationController::findLastUnreadAction|pimcore_admin_notification_findlastunread|[]|{"lastUpdate":"1672833458"}
2023-01-04T17:28:38+0530 : 2|Pimcore\Bundle\AdminBundle\Controller\Admin\NotificationController::findLastUnreadAction|pimcore_admin_notification_findlastunread|[]|{"lastUpdate":"1672833488"}
2023-01-04T17:29:08+0530 : 2|Pimcore\Bundle\AdminBundle\Controller\Admin\NotificationController::findLastUnreadAction|pimcore_admin_notification_findlastunread|[]|{"lastUpdate":"1672833518"}
2023-01-04T17:29:16+0530 : 0|Pimcore\Bundle\AdminBundle\Controller\Admin\LoginController::csrfTokenAction|pimcore_admin_login_csrf_token|[]|[]
2023-01-04T17:29:38+0530 : 2|Pimcore\Bundle\AdminBundle\Controller\Admin\NotificationController::findLastUnreadAction|pimcore_admin_notification_findlastunread|[]|{"lastUpdate":"1672833548"}
2023-01-04T17:30:08+0530 : 2|Pimcore\Bundle\AdminBundle\Controller\Admin\NotificationController::findLastUnreadAction|pimcore_admin_notification_findlastunread|[]|{"lastUpdate":"1672833578"}
2023-01-04T17:30:38+0530 : 2|Pimcore\Bundle\AdminBundle\Controller\Admin\NotificationController::findLastUnreadAction|pimcore_admin_notification_findlastunread|[]|{"lastUpdate":"1672833608"}
2023-01-04T17:31:08+0530 : 2|Pimcore\Bundle\AdminBundle\Controller\Admin\NotificationController::findLastUnreadAction|pimcore_admin_notification_findlastunread|[]|{"lastUpdate":"1672833638"}
2023-01-04T17:31:38+0530 : 2|Pimcore\Bundle\AdminBundle\Controller\Admin\NotificationController::findLastUnreadAction|pimcore_admin_notification_findlastunread|[]|{"lastUpdate":"1672833668"}
2023-01-04T17:32:08+0530 : 2|Pimcore\Bundle\AdminBundle\Controller\Admin\NotificationController::findLastUnreadAction|pimcore_admin_notification_findlastunread|[]|{"lastUpdate":"1672833698"}
2023-01-04T17:32:38+0530 : 2|Pimcore\Bundle\AdminBundle\Controller\Admin\NotificationController::findLastUnreadAction|pimcore_admin_notification_findlastunread|[]|{"lastUpdate":"1672833728"}
2023-01-04T17:33:08+0530 : 2|Pimcore\Bundle\AdminBundle\Controller\Admin\NotificationController::findLastUnreadAction|pimcore_admin_notification_findlastunread|[]|{"lastUpdate":"1672833758"}
2023-01-04T17:33:38+0530 : 2|Pimcore\Bundle\AdminBundle\Controller\Admin\NotificationController::findLastUnreadAction|pimcore_admin_notification_findlastunread|[]|{"lastUpdate":"1672833788"}
2023-01-04T17:38:09+0530 : 2|Pimcore\Bundle\AdminBundle\Controller\Admin\NotificationController::findLastUnreadAction|pimcore_admin_notification_findlastunread|[]|{"lastUpdate":"1672833818"}
2023-01-04T17:38:39+0530 : 2|Pimcore\Bundle\AdminBundle\Controller\Admin\NotificationController::findLastUnreadAction|pimcore_admin_notification_findlastunread|[]|{"lastUpdate":"1672834089"}
2023-01-04T17:39:09+0530 : 2|Pimcore\Bundle\AdminBundle\Controller\Admin\NotificationController::findLastUnreadAction|pimcore_admin_notification_findlastunread|[]|{"lastUpdate":"1672834119"}
2023-01-04T23:00:05+0530 : 0|Pimcore\Bundle\AdminBundle\Controller\Admin\LoginController::loginAction|pimcore_admin_login|[]|{"session_expired":"true","server_error":"true"}
2023-01-04T23:00:05+0530 : 0|Pimcore\Bundle\AdminBundle\Controller\Admin\SettingsController::displayCustomLogoAction|pimcore_settings_display_custom_logo|[]|{"white":"true"}
2023-01-04T23:02:15+0530 : 0|Pimcore\Bundle\AdminBundle\Controller\Admin\LoginController::csrfTokenAction|pimcore_admin_login_csrf_token|[]|[]
2023-01-04T23:16:20+0530 : 0|Pimcore\Bundle\AdminBundle\Controller\Admin\LoginController::csrfTokenAction|pimcore_admin_login_csrf_token|[]|[]
2023-01-04T23:16:24+0530 : 2|Pimcore\Bundle\AdminBundle\Controller\Admin\IndexController::indexAction|pimcore_admin_index|[]|{"perspective":""}
2023-01-04T23:16:25+0530 : 2|Pimcore\Bundle\AdminBundle\Controller\Admin\MiscController::adminCssAction|pimcore_admin_misc_admincss|[]|[]
2023-01-04T23:16:25+0530 : 2|Pimcore\Bundle\AdminBundle\Controller\Admin\MiscController::jsonTranslationsSystemAction|pimcore_admin_misc_jsontranslationssystem|[]|{"language":"en"}
2023-01-04T23:16:25+0530 : 2|Pimcore\Bundle\AdminBundle\Controller\Admin\UserController::getCurrentUserAction|pimcore_admin_user_getcurrentuser|[]|[]
2023-01-04T23:16:25+0530 : 2|Pimcore\Bundle\AdminBundle\Controller\Admin\MiscController::availableLanguagesAction|pimcore_admin_misc_availablelanguages|[]|[]
2023-01-04T23:16:25+0530 : 2|Pimcore\Bundle\AdminBundle\Controller\Admin\MiscController::scriptProxyAction|pimcore_admin_misc_scriptproxy|[]|{"storageFile":"minified_javascript_core_44ec3947584d507..."}
2023-01-04T23:16:25+0530 : 2|Pimcore\Bundle\AdminBundle\Controller\Admin\MiscController::scriptProxyAction|pimcore_admin_misc_scriptproxy|[]|{"storageFile":"minified_javascript_core_d41d8cd98f00b20..."}
2023-01-04T23:16:25+0530 : 2|Pimcore\Bundle\AdminBundle\Controller\Admin\UserController::getImageAction|pimcore_admin_user_getimage|[]|[]
2023-01-04T23:16:25+0530 : 2|Pimcore\Bundle\AdminBundle\Controller\Admin\SettingsController::displayCustomLogoAction|pimcore_settings_display_custom_logo|[]|[]
2023-01-04T23:16:25+0530 : 2|Pimcore\Bundle\AdminBundle\Controller\Admin\Document\DocumentController::treeGetRootAction|pimcore_admin_document_document_treegetroot|[]|{"id":"1","view":"","elementType":"document"}
2023-01-04T23:16:25+0530 : 2|Pimcore\Bundle\AdminBundle\Controller\Admin\PortalController::dashboardListAction|pimcore_admin_portal_dashboardlist|[]|[]
2023-01-04T23:16:25+0530 : 2|Pimcore\Bundle\AdminBundle\Controller\Admin\DataObject\DataObjectController::treeGetRootAction|pimcore_admin_dataobject_dataobject_treegetroot|[]|{"id":"","view":"","elementType":"object"}
2023-01-04T23:16:25+0530 : 2|Pimcore\Bundle\AdminBundle\Controller\Admin\Asset\AssetController::treeGetRootAction|pimcore_admin_asset_treegetroot|[]|{"id":"1","view":"","elementType":"asset"}
2023-01-04T23:16:25+0530 : 2|Pimcore\Bundle\AdminBundle\Controller\Admin\NotificationController::findLastUnreadAction|pimcore_admin_notification_findlastunread|[]|{"lastUpdate":"1672854385"}
2023-01-04T23:16:25+0530 : 2|Pimcore\Bundle\AdminBundle\Controller\Admin\Document\DocumentController::docTypesGetAction|pimcore_admin_document_document_doctypesget|[]|{"xaction":"read","page":"1","start":"0","limit":"25"}
2023-01-04T23:16:25+0530 : 2|Pimcore\Bundle\AdminBundle\Controller\Admin\DataObject\ClassController::getTreeAction|pimcore_admin_dataobject_class_gettree|[]|{"page":"1","start":"0","limit":"25"}
2023-01-04T23:16:25+0530 : 2|Pimcore\Bundle\AdminBundle\Controller\Admin\DataObject\ClassController::getTreeAction|pimcore_admin_dataobject_class_gettree|[]|{"createAllowed":"true","page":"1","start":"0","limit":"25"}
2023-01-04T23:16:25+0530 : 2|Pimcore\Bundle\AdminBundle\Controller\Admin\SettingsController::getAvailableAdminLanguagesAction|pimcore_admin_settings_getavailableadminlanguages|[]|{"page":"1","start":"0","limit":"25"}
2023-01-04T23:16:25+0530 : 2|Pimcore\Bundle\AdminBundle\Controller\Admin\SettingsController::getAvailableSitesAction|pimcore_admin_settings_getavailablesites|[]|{"page":"1","start":"0","limit":"25"}
2023-01-04T23:16:25+0530 : 2|Pimcore\Bundle\AdminBundle\Controller\Admin\TargetingController::targetGroupListAction|pimcore_admin_targeting_targetgrouplist|[]|{"page":"1","start":"0","limit":"25"}
2023-01-04T23:16:26+0530 : 2|Pimcore\Bundle\AdminBundle\Controller\Admin\DataObject\DataObjectController::treeGetChildsByIdAction|pimcore_admin_dataobject_dataobject_treegetchildsbyid|[]|{"limit":"30","view":"","page":"1","start":"0","node":"1"}
2023-01-04T23:16:26+0530 : 2|Pimcore\Bundle\AdminBundle\Controller\Reports\CustomReportController::getReportConfigAction|pimcore_admin_reports_customreport_getreportconfig|[]|[]
2023-01-04T23:16:32+0530 : 2|Pimcore\Bundle\AdminBundle\Controller\Admin\IndexController::statisticsAction|pimcore_admin_index_statistics|[]|[]
2023-01-04T23:16:41+0530 : 2|Pimcore\Bundle\AdminBundle\Controller\Admin\DataObject\ClassController::getTreeAction|pimcore_admin_dataobject_class_gettree|[]|{"grouped":"1","withId":"1","node":"0"}
2023-01-04T23:16:43+0530 : 2|Pimcore\Bundle\AdminBundle\Controller\Admin\DataObject\ClassController::getAction|pimcore_admin_dataobject_class_get|[]|{"id":"1"}
2023-01-04T23:16:43+0530 : 2|Pimcore\Bundle\AdminBundle\Controller\Admin\IndexController::indexAction|pimcore_admin_index|[]|{"perspective":""}
2023-01-04T23:16:43+0530 : 2|Pimcore\Bundle\AdminBundle\Controller\Admin\DataObject\ClassController::getBrickUsagesAction|pimcore_admin_dataobject_class_getbrickusages|[]|{"classId":"1","page":"1","start":"0","limit":"25"}
2023-01-04T23:16:49+0530 : 2|Pimcore\Bundle\AdminBundle\Controller\Admin\DataObject\ClassController::getAction|pimcore_admin_dataobject_class_get|[]|{"id":"2"}
2023-01-04T23:16:49+0530 : 2|Pimcore\Bundle\AdminBundle\Controller\Admin\DataObject\ClassController::getBrickUsagesAction|pimcore_admin_dataobject_class_getbrickusages|[]|{"classId":"2","page":"1","start":"0","limit":"25"}
2023-01-04T23:16:55+0530 : 2|Pimcore\Bundle\AdminBundle\Controller\Admin\NotificationController::findLastUnreadAction|pimcore_admin_notification_findlastunread|[]|{"lastUpdate":"1672854385"}
2023-01-05T11:26:21+0530 : 0|Pimcore\Bundle\AdminBundle\Controller\Admin\LoginController::csrfTokenAction|pimcore_admin_login_csrf_token|[]|[]
2023-01-05T11:42:41+0530 : 0|Pimcore\Bundle\AdminBundle\Controller\Admin\LoginController::loginAction|pimcore_admin_login|[]|{"session_expired":"true","server_error":"true"}
2023-01-05T11:42:41+0530 : 0|Pimcore\Bundle\AdminBundle\Controller\Admin\SettingsController::displayCustomLogoAction|pimcore_settings_display_custom_logo|[]|{"white":"true"}
2023-01-05T11:49:21+0530 : 0|Pimcore\Bundle\AdminBundle\Controller\Admin\LoginController::csrfTokenAction|pimcore_admin_login_csrf_token|[]|[]
2023-01-05T11:54:26+0530 : 2|Pimcore\Bundle\AdminBundle\Controller\Admin\IndexController::indexAction|pimcore_admin_index|[]|{"perspective":""}
2023-01-05T11:54:26+0530 : 2|Pimcore\Bundle\AdminBundle\Controller\Admin\MiscController::adminCssAction|pimcore_admin_misc_admincss|[]|[]
2023-01-05T11:54:26+0530 : 2|Pimcore\Bundle\AdminBundle\Controller\Admin\MiscController::jsonTranslationsSystemAction|pimcore_admin_misc_jsontranslationssystem|[]|{"language":"en"}
2023-01-05T11:54:26+0530 : 2|Pimcore\Bundle\AdminBundle\Controller\Admin\MiscController::scriptProxyAction|pimcore_admin_misc_scriptproxy|[]|{"storageFile":"minified_javascript_core_d41d8cd98f00b20..."}
2023-01-05T11:54:26+0530 : 2|Pimcore\Bundle\AdminBundle\Controller\Admin\UserController::getCurrentUserAction|pimcore_admin_user_getcurrentuser|[]|[]
2023-01-05T11:54:26+0530 : 2|Pimcore\Bundle\AdminBundle\Controller\Admin\MiscController::availableLanguagesAction|pimcore_admin_misc_availablelanguages|[]|[]
2023-01-05T11:54:26+0530 : 2|Pimcore\Bundle\AdminBundle\Controller\Admin\MiscController::scriptProxyAction|pimcore_admin_misc_scriptproxy|[]|{"storageFile":"minified_javascript_core_44ec3947584d507..."}
2023-01-05T11:54:26+0530 : 2|Pimcore\Bundle\AdminBundle\Controller\Admin\UserController::getImageAction|pimcore_admin_user_getimage|[]|[]
2023-01-05T11:54:26+0530 : 2|Pimcore\Bundle\AdminBundle\Controller\Admin\MiscController::scriptProxyAction|pimcore_admin_misc_scriptproxy|[]|{"storageFile":"minified_javascript_core_d41d8cd98f00b20..."}
2023-01-05T11:54:26+0530 : 2|Pimcore\Bundle\AdminBundle\Controller\Admin\SettingsController::displayCustomLogoAction|pimcore_settings_display_custom_logo|[]|[]
2023-01-05T11:54:26+0530 : 2|Pimcore\Bundle\AdminBundle\Controller\Admin\Document\DocumentController::treeGetRootAction|pimcore_admin_document_document_treegetroot|[]|{"id":"1","view":"","elementType":"document"}
2023-01-05T11:54:26+0530 : 2|Pimcore\Bundle\AdminBundle\Controller\Admin\Asset\AssetController::treeGetRootAction|pimcore_admin_asset_treegetroot|[]|{"id":"1","view":"","elementType":"asset"}
2023-01-05T11:54:26+0530 : 2|Pimcore\Bundle\AdminBundle\Controller\Admin\DataObject\DataObjectController::treeGetRootAction|pimcore_admin_dataobject_dataobject_treegetroot|[]|{"id":"","view":"","elementType":"object"}
2023-01-05T11:54:26+0530 : 2|Pimcore\Bundle\AdminBundle\Controller\Admin\PortalController::dashboardListAction|pimcore_admin_portal_dashboardlist|[]|[]
2023-01-05T11:54:26+0530 : 2|Pimcore\Bundle\AdminBundle\Controller\Admin\NotificationController::findLastUnreadAction|pimcore_admin_notification_findlastunread|[]|{"lastUpdate":"1672899866"}
2023-01-05T11:54:27+0530 : 2|Pimcore\Bundle\AdminBundle\Controller\Admin\DataObject\DataObjectController::treeGetChildsByIdAction|pimcore_admin_dataobject_dataobject_treegetchildsbyid|[]|{"limit":"30","view":"","page":"1","start":"0","node":"1"}
2023-01-05T11:54:27+0530 : 2|Pimcore\Bundle\AdminBundle\Controller\Reports\CustomReportController::getReportConfigAction|pimcore_admin_reports_customreport_getreportconfig|[]|[]
2023-01-05T11:54:27+0530 : 2|Pimcore\Bundle\AdminBundle\Controller\Admin\Document\DocumentController::docTypesGetAction|pimcore_admin_document_document_doctypesget|[]|{"xaction":"read","page":"1","start":"0","limit":"25"}
2023-01-05T11:54:27+0530 : 2|Pimcore\Bundle\AdminBundle\Controller\Admin\DataObject\ClassController::getTreeAction|pimcore_admin_dataobject_class_gettree|[]|{"page":"1","start":"0","limit":"25"}
2023-01-05T11:54:27+0530 : 2|Pimcore\Bundle\AdminBundle\Controller\Admin\SettingsController::getAvailableAdminLanguagesAction|pimcore_admin_settings_getavailableadminlanguages|[]|{"page":"1","start":"0","limit":"25"}
2023-01-05T11:54:27+0530 : 2|Pimcore\Bundle\AdminBundle\Controller\Admin\SettingsController::getAvailableSitesAction|pimcore_admin_settings_getavailablesites|[]|{"page":"1","start":"0","limit":"25"}
2023-01-05T11:54:27+0530 : 2|Pimcore\Bundle\AdminBundle\Controller\Admin\DataObject\ClassController::getTreeAction|pimcore_admin_dataobject_class_gettree|[]|{"createAllowed":"true","page":"1","start":"0","limit":"25"}
2023-01-05T11:54:27+0530 : 2|Pimcore\Bundle\AdminBundle\Controller\Admin\TargetingController::targetGroupListAction|pimcore_admin_targeting_targetgrouplist|[]|{"page":"1","start":"0","limit":"25"}
2023-01-05T11:54:33+0530 : 2|Pimcore\Bundle\AdminBundle\Controller\Admin\IndexController::statisticsAction|pimcore_admin_index_statistics|[]|[]
2023-01-05T11:54:33+0530 : 2|Pimcore\Bundle\AdminBundle\Controller\Admin\DataObject\ClassController::getTreeAction|pimcore_admin_dataobject_class_gettree|[]|{"grouped":"1","withId":"1","node":"0"}
2023-01-05T11:54:36+0530 : 2|Pimcore\Bundle\AdminBundle\Controller\Admin\DataObject\ClassController::suggestClassIdentifierAction|pimcore_admin_dataobject_class_suggestclassidentifier|[]|[]
2023-01-05T11:54:45+0530 : 2|Pimcore\Bundle\AdminBundle\Controller\Admin\DataObject\ClassController::addAction|pimcore_admin_dataobject_class_add|[]|{"className":"beauty","classIdentifier":"3"}
2023-01-05T11:54:45+0530 : 2|Pimcore\Bundle\AdminBundle\Controller\Admin\DataObject\ClassController::getAction|pimcore_admin_dataobject_class_get|[]|{"id":"3"}
2023-01-05T11:54:45+0530 : 2|Pimcore\Bundle\AdminBundle\Controller\Admin\DataObject\ClassController::getTreeAction|pimcore_admin_dataobject_class_gettree|[]|{"createAllowed":"true","page":"1","start":"0","limit":"25"}
2023-01-05T11:54:45+0530 : 2|Pimcore\Bundle\AdminBundle\Controller\Admin\DataObject\ClassController::getTreeAction|pimcore_admin_dataobject_class_gettree|[]|{"page":"1","start":"0","limit":"25"}
2023-01-05T11:54:45+0530 : 2|Pimcore\Bundle\AdminBundle\Controller\Admin\DataObject\ClassController::getTreeAction|pimcore_admin_dataobject_class_gettree|[]|{"grouped":"1","withId":"1","node":"0"}
2023-01-05T11:54:46+0530 : 2|Pimcore\Bundle\AdminBundle\Controller\Admin\DataObject\ClassController::getBrickUsagesAction|pimcore_admin_dataobject_class_getbrickusages|[]|{"classId":"3","page":"1","start":"0","limit":"25"}
2023-01-05T11:54:56+0530 : 2|Pimcore\Bundle\AdminBundle\Controller\Admin\NotificationController::findLastUnreadAction|pimcore_admin_notification_findlastunread|[]|{"lastUpdate":"1672899866"}
2023-01-05T11:54:56+0530 : 2|Pimcore\Bundle\AdminBundle\Controller\Admin\TranslationController::addAdminTranslationKeysAction|pimcore_admin_translation_addadmintranslationkeys|[]|{"keys":"[\"beauty\"]"}
2023-01-05T11:55:08+0530 : 2|Pimcore\Bundle\AdminBundle\Controller\Admin\DataObject\ClassController::saveAction|pimcore_admin_dataobject_class_save|[]|{"configuration":"{\"children\":[{\"name\":\"Layout\",\"datatype\"...","values":"{\"dao\":null,\"id\":\"3\",\"name\":\"beauty\",\"de...","id":"3"}
2023-01-05T11:55:08+0530 : 2|Pimcore\Bundle\AdminBundle\Controller\Admin\DataObject\ClassController::getTreeAction|pimcore_admin_dataobject_class_gettree|[]|{"page":"1","start":"0","limit":"25"}
2023-01-05T11:55:08+0530 : 2|Pimcore\Bundle\AdminBundle\Controller\Admin\DataObject\ClassController::getTreeAction|pimcore_admin_dataobject_class_gettree|[]|{"createAllowed":"true","page":"1","start":"0","limit":"25"}
2023-01-05T11:55:08+0530 : 2|Pimcore\Bundle\AdminBundle\Controller\Admin\DataObject\ClassController::getTreeAction|pimcore_admin_dataobject_class_gettree|[]|{"grouped":"1","withId":"1","node":"0"}
2023-01-05T11:55:29+0530 : 2|Pimcore\Bundle\AdminBundle\Controller\Admin\NotificationController::findLastUnreadAction|pimcore_admin_notification_findlastunread|[]|{"lastUpdate":"1672899896"}
2023-01-05T11:55:59+0530 : 2|Pimcore\Bundle\AdminBundle\Controller\Admin\NotificationController::findLastUnreadAction|pimcore_admin_notification_findlastunread|[]|{"lastUpdate":"1672899929"}
2023-01-05T11:56:29+0530 : 2|Pimcore\Bundle\AdminBundle\Controller\Admin\NotificationController::findLastUnreadAction|pimcore_admin_notification_findlastunread|[]|{"lastUpdate":"1672899959"}
2023-01-05T11:56:59+0530 : 2|Pimcore\Bundle\AdminBundle\Controller\Admin\NotificationController::findLastUnreadAction|pimcore_admin_notification_findlastunread|[]|{"lastUpdate":"1672899989"}
